---------------------
0 envia un mensaje hacia 1 en t = 0.010000 us
1 ha recibido un mensaje proveniente de 0 en t = 3.220000 us
1 ha terminado de procesar un mensaje en t = 15.220000 us
1 envia un mensaje hacia 0 en t = 15.230000 us
0 ha recibido un mensaje proveniente de 1 en t = 38.910000 us
0 envia un mensaje hacia 2 en t = 38.920000 us
2 ha recibido un mensaje proveniente de 0 en t = 42.130000 us
2 ha terminado de procesar un mensaje en t = 54.130000 us
2 envia un mensaje hacia 0 en t = 54.140000 us
0 ha recibido un mensaje proveniente de 2 en t = 77.820000 us
0 envia un mensaje hacia 3 en t = 77.830000 us
3 ha recibido un mensaje proveniente de 0 en t = 81.040000 us
3 ha terminado de procesar un mensaje en t = 93.040000 us
3 envia un mensaje hacia 0 en t = 93.050000 us
0 ha recibido un mensaje proveniente de 3 en t = 116.730000 us
0 envia un mensaje hacia 5 en t = 116.740000 us
---------------------
0 envia un mensaje hacia 1 en t = 116.750000 us
1 ha recibido un mensaje proveniente de 0 en t = 119.960000 us
1 ha terminado de procesar un mensaje en t = 131.960000 us
1 envia un mensaje hacia 0 en t = 131.970000 us
0 ha recibido un mensaje proveniente de 1 en t = 155.650000 us
0 envia un mensaje hacia 2 en t = 155.660000 us
2 ha recibido un mensaje proveniente de 0 en t = 158.870000 us
2 ha terminado de procesar un mensaje en t = 170.870000 us
2 envia un mensaje hacia 0 en t = 170.880000 us
0 ha recibido un mensaje proveniente de 2 en t = 194.560000 us
0 envia un mensaje hacia 3 en t = 194.570000 us
3 ha recibido un mensaje proveniente de 0 en t = 197.780000 us
3 ha terminado de procesar un mensaje en t = 209.780000 us
3 envia un mensaje hacia 0 en t = 209.790000 us
0 ha recibido un mensaje proveniente de 3 en t = 233.470000 us
0 envia un mensaje hacia 5 en t = 233.480000 us
---------------------
0 envia un mensaje hacia 1 en t = 233.490000 us
1 ha recibido un mensaje proveniente de 0 en t = 236.700000 us
1 ha terminado de procesar un mensaje en t = 248.700000 us
1 envia un mensaje hacia 0 en t = 248.710000 us
0 ha recibido un mensaje proveniente de 1 en t = 272.390000 us
0 envia un mensaje hacia 2 en t = 272.400000 us
2 ha recibido un mensaje proveniente de 0 en t = 275.610000 us
2 ha terminado de procesar un mensaje en t = 287.610000 us
2 envia un mensaje hacia 0 en t = 287.620000 us
0 ha recibido un mensaje proveniente de 2 en t = 311.300000 us
0 envia un mensaje hacia 3 en t = 311.310000 us
3 ha recibido un mensaje proveniente de 0 en t = 314.520000 us
3 ha terminado de procesar un mensaje en t = 326.520000 us
3 envia un mensaje hacia 0 en t = 326.530000 us
0 ha recibido un mensaje proveniente de 3 en t = 350.210000 us
0 envia un mensaje hacia 5 en t = 350.220000 us
---------------------
0 envia un mensaje hacia 1 en t = 350.230000 us
1 ha recibido un mensaje proveniente de 0 en t = 353.440000 us
1 ha terminado de procesar un mensaje en t = 365.440000 us
1 envia un mensaje hacia 0 en t = 365.450000 us
0 ha recibido un mensaje proveniente de 1 en t = 389.130000 us
0 envia un mensaje hacia 2 en t = 389.140000 us
2 ha recibido un mensaje proveniente de 0 en t = 392.350000 us
2 ha terminado de procesar un mensaje en t = 404.350000 us
2 envia un mensaje hacia 0 en t = 404.360000 us
0 ha recibido un mensaje proveniente de 2 en t = 428.040000 us
0 envia un mensaje hacia 3 en t = 428.050000 us
3 ha recibido un mensaje proveniente de 0 en t = 431.260000 us
3 ha terminado de procesar un mensaje en t = 443.260000 us
3 envia un mensaje hacia 0 en t = 443.270000 us
0 ha recibido un mensaje proveniente de 3 en t = 466.950000 us
0 envia un mensaje hacia 5 en t = 466.960000 us
---------------------
0 envia un mensaje hacia 1 en t = 466.970000 us
1 ha recibido un mensaje proveniente de 0 en t = 470.180000 us
1 ha terminado de procesar un mensaje en t = 482.180000 us
1 envia un mensaje hacia 0 en t = 482.190000 us
0 ha recibido un mensaje proveniente de 1 en t = 505.870000 us
0 envia un mensaje hacia 2 en t = 505.880000 us
2 ha recibido un mensaje proveniente de 0 en t = 509.090000 us
2 ha terminado de procesar un mensaje en t = 521.090000 us
2 envia un mensaje hacia 0 en t = 521.100000 us
0 ha recibido un mensaje proveniente de 2 en t = 544.780000 us
0 envia un mensaje hacia 3 en t = 544.790000 us
3 ha recibido un mensaje proveniente de 0 en t = 548.000000 us
3 ha terminado de procesar un mensaje en t = 560.000000 us
3 envia un mensaje hacia 0 en t = 560.010000 us
0 ha recibido un mensaje proveniente de 3 en t = 583.690000 us
0 envia un mensaje hacia 5 en t = 583.700000 us
---------------------
0 envia un mensaje hacia 1 en t = 583.710000 us
1 ha recibido un mensaje proveniente de 0 en t = 586.920000 us
1 ha terminado de procesar un mensaje en t = 598.920000 us
1 envia un mensaje hacia 0 en t = 598.930000 us
0 ha recibido un mensaje proveniente de 1 en t = 622.610000 us
0 envia un mensaje hacia 2 en t = 622.620000 us
2 ha recibido un mensaje proveniente de 0 en t = 625.830000 us
2 ha terminado de procesar un mensaje en t = 637.830000 us
2 envia un mensaje hacia 0 en t = 637.840000 us
0 ha recibido un mensaje proveniente de 2 en t = 661.520000 us
0 envia un mensaje hacia 3 en t = 661.530000 us
3 ha recibido un mensaje proveniente de 0 en t = 664.740000 us
3 ha terminado de procesar un mensaje en t = 676.740000 us
3 envia un mensaje hacia 0 en t = 676.750000 us
0 ha recibido un mensaje proveniente de 3 en t = 700.430000 us
0 envia un mensaje hacia 5 en t = 700.440000 us
---------------------
0 envia un mensaje hacia 1 en t = 700.450000 us
1 ha recibido un mensaje proveniente de 0 en t = 703.660000 us
1 ha terminado de procesar un mensaje en t = 715.660000 us
1 envia un mensaje hacia 0 en t = 715.670000 us
0 ha recibido un mensaje proveniente de 1 en t = 739.350000 us
0 envia un mensaje hacia 2 en t = 739.360000 us
2 ha recibido un mensaje proveniente de 0 en t = 742.570000 us
2 ha terminado de procesar un mensaje en t = 754.570000 us
2 envia un mensaje hacia 0 en t = 754.580000 us
0 ha recibido un mensaje proveniente de 2 en t = 778.260000 us
0 envia un mensaje hacia 3 en t = 778.270000 us
3 ha recibido un mensaje proveniente de 0 en t = 781.480000 us
3 ha terminado de procesar un mensaje en t = 793.480000 us
3 envia un mensaje hacia 0 en t = 793.490000 us
0 ha recibido un mensaje proveniente de 3 en t = 817.170000 us
0 envia un mensaje hacia 5 en t = 817.180000 us
---------------------
0 envia un mensaje hacia 1 en t = 817.190000 us
1 ha recibido un mensaje proveniente de 0 en t = 820.400000 us
1 ha terminado de procesar un mensaje en t = 832.400000 us
1 envia un mensaje hacia 0 en t = 832.410000 us
0 ha recibido un mensaje proveniente de 1 en t = 856.090000 us
0 envia un mensaje hacia 2 en t = 856.100000 us
2 ha recibido un mensaje proveniente de 0 en t = 859.310000 us
2 ha terminado de procesar un mensaje en t = 871.310000 us
2 envia un mensaje hacia 0 en t = 871.320000 us
0 ha recibido un mensaje proveniente de 2 en t = 895.000000 us
0 envia un mensaje hacia 3 en t = 895.010000 us
3 ha recibido un mensaje proveniente de 0 en t = 898.220000 us
3 ha terminado de procesar un mensaje en t = 910.220000 us
3 envia un mensaje hacia 0 en t = 910.230000 us
0 ha recibido un mensaje proveniente de 3 en t = 933.910000 us
0 envia un mensaje hacia 5 en t = 933.920000 us
---------------------
0 envia un mensaje hacia 1 en t = 933.930000 us
1 ha recibido un mensaje proveniente de 0 en t = 937.140000 us
1 ha terminado de procesar un mensaje en t = 949.140000 us
1 envia un mensaje hacia 0 en t = 949.150000 us
0 ha recibido un mensaje proveniente de 1 en t = 972.830000 us
0 envia un mensaje hacia 2 en t = 972.840000 us
2 ha recibido un mensaje proveniente de 0 en t = 976.050000 us
2 ha terminado de procesar un mensaje en t = 988.050000 us
2 envia un mensaje hacia 0 en t = 988.060000 us
0 ha recibido un mensaje proveniente de 2 en t = 1011.740000 us
0 envia un mensaje hacia 3 en t = 1011.750000 us
3 ha recibido un mensaje proveniente de 0 en t = 1014.960000 us
3 ha terminado de procesar un mensaje en t = 1026.960000 us
3 envia un mensaje hacia 0 en t = 1026.970000 us
0 ha recibido un mensaje proveniente de 3 en t = 1050.650000 us
0 envia un mensaje hacia 5 en t = 1050.660000 us
---------------------
0 envia un mensaje hacia 1 en t = 1050.670000 us
1 ha recibido un mensaje proveniente de 0 en t = 1053.880000 us
1 ha terminado de procesar un mensaje en t = 1065.880000 us
1 envia un mensaje hacia 0 en t = 1065.890000 us
0 ha recibido un mensaje proveniente de 1 en t = 1089.570000 us
0 envia un mensaje hacia 2 en t = 1089.580000 us
2 ha recibido un mensaje proveniente de 0 en t = 1092.790000 us
2 ha terminado de procesar un mensaje en t = 1104.790000 us
2 envia un mensaje hacia 0 en t = 1104.800000 us
0 ha recibido un mensaje proveniente de 2 en t = 1128.480000 us
0 envia un mensaje hacia 3 en t = 1128.490000 us
3 ha recibido un mensaje proveniente de 0 en t = 1131.700000 us
3 ha terminado de procesar un mensaje en t = 1143.700000 us
3 envia un mensaje hacia 0 en t = 1143.710000 us
0 ha recibido un mensaje proveniente de 3 en t = 1167.390000 us
0 envia un mensaje hacia 5 en t = 1167.400000 us
---------------------
0 envia un mensaje hacia 1 en t = 1167.410000 us
1 ha recibido un mensaje proveniente de 0 en t = 1170.620000 us
1 ha terminado de procesar un mensaje en t = 1182.620000 us
1 envia un mensaje hacia 0 en t = 1182.630000 us
0 ha recibido un mensaje proveniente de 1 en t = 1206.310000 us
0 envia un mensaje hacia 2 en t = 1206.320000 us
2 ha recibido un mensaje proveniente de 0 en t = 1209.530000 us
2 ha terminado de procesar un mensaje en t = 1221.530000 us
2 envia un mensaje hacia 0 en t = 1221.540000 us
0 ha recibido un mensaje proveniente de 2 en t = 1245.220000 us
0 envia un mensaje hacia 3 en t = 1245.230000 us
3 ha recibido un mensaje proveniente de 0 en t = 1248.440000 us
3 ha terminado de procesar un mensaje en t = 1260.440000 us
3 envia un mensaje hacia 0 en t = 1260.450000 us
0 ha recibido un mensaje proveniente de 3 en t = 1284.130000 us
0 envia un mensaje hacia 5 en t = 1284.140000 us
---------------------
0 envia un mensaje hacia 1 en t = 1284.150000 us
1 ha recibido un mensaje proveniente de 0 en t = 1287.360000 us
1 ha terminado de procesar un mensaje en t = 1299.360000 us
1 envia un mensaje hacia 0 en t = 1299.370000 us
0 ha recibido un mensaje proveniente de 1 en t = 1323.050000 us
0 envia un mensaje hacia 2 en t = 1323.060000 us
2 ha recibido un mensaje proveniente de 0 en t = 1326.270000 us
2 ha terminado de procesar un mensaje en t = 1338.270000 us
2 envia un mensaje hacia 0 en t = 1338.280000 us
0 ha recibido un mensaje proveniente de 2 en t = 1361.960000 us
0 envia un mensaje hacia 3 en t = 1361.970000 us
3 ha recibido un mensaje proveniente de 0 en t = 1365.180000 us
3 ha terminado de procesar un mensaje en t = 1377.180000 us
3 envia un mensaje hacia 0 en t = 1377.190000 us
0 ha recibido un mensaje proveniente de 3 en t = 1400.870000 us
0 envia un mensaje hacia 5 en t = 1400.880000 us
---------------------
0 envia un mensaje hacia 1 en t = 1400.890000 us
1 ha recibido un mensaje proveniente de 0 en t = 1404.100000 us
1 ha terminado de procesar un mensaje en t = 1416.100000 us
1 envia un mensaje hacia 0 en t = 1416.110000 us
0 ha recibido un mensaje proveniente de 1 en t = 1439.790000 us
0 envia un mensaje hacia 2 en t = 1439.800000 us
2 ha recibido un mensaje proveniente de 0 en t = 1443.010000 us
2 ha terminado de procesar un mensaje en t = 1455.010000 us
2 envia un mensaje hacia 0 en t = 1455.020000 us
0 ha recibido un mensaje proveniente de 2 en t = 1478.700000 us
0 envia un mensaje hacia 3 en t = 1478.710000 us
3 ha recibido un mensaje proveniente de 0 en t = 1481.920000 us
3 ha terminado de procesar un mensaje en t = 1493.920000 us
3 envia un mensaje hacia 0 en t = 1493.930000 us
0 ha recibido un mensaje proveniente de 3 en t = 1517.610000 us
0 envia un mensaje hacia 5 en t = 1517.620000 us
---------------------
0 envia un mensaje hacia 1 en t = 1517.630000 us
1 ha recibido un mensaje proveniente de 0 en t = 1520.840000 us
1 ha terminado de procesar un mensaje en t = 1532.840000 us
1 envia un mensaje hacia 0 en t = 1532.850000 us
0 ha recibido un mensaje proveniente de 1 en t = 1556.530000 us
0 envia un mensaje hacia 2 en t = 1556.540000 us
2 ha recibido un mensaje proveniente de 0 en t = 1559.750000 us
2 ha terminado de procesar un mensaje en t = 1571.750000 us
2 envia un mensaje hacia 0 en t = 1571.760000 us
0 ha recibido un mensaje proveniente de 2 en t = 1595.440000 us
0 envia un mensaje hacia 3 en t = 1595.450000 us
3 ha recibido un mensaje proveniente de 0 en t = 1598.660000 us
3 ha terminado de procesar un mensaje en t = 1610.660000 us
3 envia un mensaje hacia 0 en t = 1610.670000 us
0 ha recibido un mensaje proveniente de 3 en t = 1634.350000 us
0 envia un mensaje hacia 5 en t = 1634.360000 us
---------------------
0 envia un mensaje hacia 1 en t = 1634.370000 us
1 ha recibido un mensaje proveniente de 0 en t = 1637.580000 us
1 ha terminado de procesar un mensaje en t = 1649.580000 us
1 envia un mensaje hacia 0 en t = 1649.590000 us
0 ha recibido un mensaje proveniente de 1 en t = 1673.270000 us
0 envia un mensaje hacia 2 en t = 1673.280000 us
2 ha recibido un mensaje proveniente de 0 en t = 1676.490000 us
2 ha terminado de procesar un mensaje en t = 1688.490000 us
2 envia un mensaje hacia 0 en t = 1688.500000 us
0 ha recibido un mensaje proveniente de 2 en t = 1712.180000 us
0 envia un mensaje hacia 3 en t = 1712.190000 us
3 ha recibido un mensaje proveniente de 0 en t = 1715.400000 us
3 ha terminado de procesar un mensaje en t = 1727.400000 us
3 envia un mensaje hacia 0 en t = 1727.410000 us
0 ha recibido un mensaje proveniente de 3 en t = 1751.090000 us
0 envia un mensaje hacia 5 en t = 1751.100000 us
---------------------
0 envia un mensaje hacia 1 en t = 1751.110000 us
1 ha recibido un mensaje proveniente de 0 en t = 1754.320000 us
1 ha terminado de procesar un mensaje en t = 1766.320000 us
1 envia un mensaje hacia 0 en t = 1766.330000 us
0 ha recibido un mensaje proveniente de 1 en t = 1790.010000 us
0 envia un mensaje hacia 2 en t = 1790.020000 us
2 ha recibido un mensaje proveniente de 0 en t = 1793.230000 us
2 ha terminado de procesar un mensaje en t = 1805.230000 us
2 envia un mensaje hacia 0 en t = 1805.240000 us
0 ha recibido un mensaje proveniente de 2 en t = 1828.920000 us
0 envia un mensaje hacia 3 en t = 1828.930000 us
3 ha recibido un mensaje proveniente de 0 en t = 1832.140000 us
3 ha terminado de procesar un mensaje en t = 1844.140000 us
3 envia un mensaje hacia 0 en t = 1844.150000 us
0 ha recibido un mensaje proveniente de 3 en t = 1867.830000 us
0 envia un mensaje hacia 5 en t = 1867.840000 us
---------------------
0 envia un mensaje hacia 1 en t = 1867.850000 us
1 ha recibido un mensaje proveniente de 0 en t = 1871.060000 us
1 ha terminado de procesar un mensaje en t = 1883.060000 us
1 envia un mensaje hacia 0 en t = 1883.070000 us
0 ha recibido un mensaje proveniente de 1 en t = 1906.750000 us
0 envia un mensaje hacia 2 en t = 1906.760000 us
2 ha recibido un mensaje proveniente de 0 en t = 1909.970000 us
2 ha terminado de procesar un mensaje en t = 1921.970000 us
2 envia un mensaje hacia 0 en t = 1921.980000 us
0 ha recibido un mensaje proveniente de 2 en t = 1945.660000 us
0 envia un mensaje hacia 3 en t = 1945.670000 us
3 ha recibido un mensaje proveniente de 0 en t = 1948.880000 us
3 ha terminado de procesar un mensaje en t = 1960.880000 us
3 envia un mensaje hacia 0 en t = 1960.890000 us
0 ha recibido un mensaje proveniente de 3 en t = 1984.570000 us
0 envia un mensaje hacia 5 en t = 1984.580000 us
---------------------
0 envia un mensaje hacia 1 en t = 1984.590000 us
1 ha recibido un mensaje proveniente de 0 en t = 1987.800000 us
1 ha terminado de procesar un mensaje en t = 1999.800000 us
1 envia un mensaje hacia 0 en t = 1999.810000 us
0 ha recibido un mensaje proveniente de 1 en t = 2023.490000 us
0 envia un mensaje hacia 2 en t = 2023.500000 us
2 ha recibido un mensaje proveniente de 0 en t = 2026.710000 us
2 ha terminado de procesar un mensaje en t = 2038.710000 us
2 envia un mensaje hacia 0 en t = 2038.720000 us
0 ha recibido un mensaje proveniente de 2 en t = 2062.400000 us
0 envia un mensaje hacia 3 en t = 2062.410000 us
3 ha recibido un mensaje proveniente de 0 en t = 2065.620000 us
3 ha terminado de procesar un mensaje en t = 2077.620000 us
3 envia un mensaje hacia 0 en t = 2077.630000 us
0 ha recibido un mensaje proveniente de 3 en t = 2101.310000 us
0 envia un mensaje hacia 5 en t = 2101.320000 us
---------------------
0 envia un mensaje hacia 1 en t = 2101.330000 us
1 ha recibido un mensaje proveniente de 0 en t = 2104.540000 us
1 ha terminado de procesar un mensaje en t = 2116.540000 us
1 envia un mensaje hacia 0 en t = 2116.550000 us
0 ha recibido un mensaje proveniente de 1 en t = 2140.230000 us
0 envia un mensaje hacia 2 en t = 2140.240000 us
2 ha recibido un mensaje proveniente de 0 en t = 2143.450000 us
2 ha terminado de procesar un mensaje en t = 2155.450000 us
2 envia un mensaje hacia 0 en t = 2155.460000 us
0 ha recibido un mensaje proveniente de 2 en t = 2179.140000 us
0 envia un mensaje hacia 3 en t = 2179.150000 us
3 ha recibido un mensaje proveniente de 0 en t = 2182.360000 us
3 ha terminado de procesar un mensaje en t = 2194.360000 us
3 envia un mensaje hacia 0 en t = 2194.370000 us
0 ha recibido un mensaje proveniente de 3 en t = 2218.050000 us
0 envia un mensaje hacia 5 en t = 2218.060000 us
---------------------
0 envia un mensaje hacia 1 en t = 2218.070000 us
1 ha recibido un mensaje proveniente de 0 en t = 2221.280000 us
1 ha terminado de procesar un mensaje en t = 2233.280000 us
1 envia un mensaje hacia 0 en t = 2233.290000 us
0 ha recibido un mensaje proveniente de 1 en t = 2256.970000 us
0 envia un mensaje hacia 2 en t = 2256.980000 us
2 ha recibido un mensaje proveniente de 0 en t = 2260.190000 us
2 ha terminado de procesar un mensaje en t = 2272.190000 us
2 envia un mensaje hacia 0 en t = 2272.200000 us
0 ha recibido un mensaje proveniente de 2 en t = 2295.880000 us
0 envia un mensaje hacia 3 en t = 2295.890000 us
3 ha recibido un mensaje proveniente de 0 en t = 2299.100000 us
3 ha terminado de procesar un mensaje en t = 2311.100000 us
3 envia un mensaje hacia 0 en t = 2311.110000 us
0 ha recibido un mensaje proveniente de 3 en t = 2334.790000 us
0 envia un mensaje hacia 5 en t = 2334.800000 us
---------------------
0 envia un mensaje hacia 1 en t = 2334.810000 us
1 ha recibido un mensaje proveniente de 0 en t = 2338.020000 us
1 ha terminado de procesar un mensaje en t = 2350.020000 us
1 envia un mensaje hacia 0 en t = 2350.030000 us
0 ha recibido un mensaje proveniente de 1 en t = 2373.710000 us
0 envia un mensaje hacia 2 en t = 2373.720000 us
2 ha recibido un mensaje proveniente de 0 en t = 2376.930000 us
2 ha terminado de procesar un mensaje en t = 2388.930000 us
2 envia un mensaje hacia 0 en t = 2388.940000 us
0 ha recibido un mensaje proveniente de 2 en t = 2412.620000 us
0 envia un mensaje hacia 3 en t = 2412.630000 us
3 ha recibido un mensaje proveniente de 0 en t = 2415.840000 us
3 ha terminado de procesar un mensaje en t = 2427.840000 us
3 envia un mensaje hacia 0 en t = 2427.850000 us
0 ha recibido un mensaje proveniente de 3 en t = 2451.530000 us
0 envia un mensaje hacia 5 en t = 2451.540000 us
---------------------
0 envia un mensaje hacia 1 en t = 2451.550000 us
1 ha recibido un mensaje proveniente de 0 en t = 2454.760000 us
1 ha terminado de procesar un mensaje en t = 2466.760000 us
1 envia un mensaje hacia 0 en t = 2466.770000 us
0 ha recibido un mensaje proveniente de 1 en t = 2490.450000 us
0 envia un mensaje hacia 2 en t = 2490.460000 us
2 ha recibido un mensaje proveniente de 0 en t = 2493.670000 us
2 ha terminado de procesar un mensaje en t = 2505.670000 us
2 envia un mensaje hacia 0 en t = 2505.680000 us
0 ha recibido un mensaje proveniente de 2 en t = 2529.360000 us
0 envia un mensaje hacia 3 en t = 2529.370000 us
3 ha recibido un mensaje proveniente de 0 en t = 2532.580000 us
3 ha terminado de procesar un mensaje en t = 2544.580000 us
3 envia un mensaje hacia 0 en t = 2544.590000 us
0 ha recibido un mensaje proveniente de 3 en t = 2568.270000 us
0 envia un mensaje hacia 5 en t = 2568.280000 us
---------------------
0 envia un mensaje hacia 1 en t = 2568.290000 us
1 ha recibido un mensaje proveniente de 0 en t = 2571.500000 us
1 ha terminado de procesar un mensaje en t = 2583.500000 us
1 envia un mensaje hacia 0 en t = 2583.510000 us
0 ha recibido un mensaje proveniente de 1 en t = 2607.190000 us
0 envia un mensaje hacia 2 en t = 2607.200000 us
2 ha recibido un mensaje proveniente de 0 en t = 2610.410000 us
2 ha terminado de procesar un mensaje en t = 2622.410000 us
2 envia un mensaje hacia 0 en t = 2622.420000 us
0 ha recibido un mensaje proveniente de 2 en t = 2646.100000 us
0 envia un mensaje hacia 3 en t = 2646.110000 us
3 ha recibido un mensaje proveniente de 0 en t = 2649.320000 us
3 ha terminado de procesar un mensaje en t = 2661.320000 us
3 envia un mensaje hacia 0 en t = 2661.330000 us
0 ha recibido un mensaje proveniente de 3 en t = 2685.010000 us
0 envia un mensaje hacia 5 en t = 2685.020000 us
---------------------
0 envia un mensaje hacia 1 en t = 2685.030000 us
1 ha recibido un mensaje proveniente de 0 en t = 2688.240000 us
1 ha terminado de procesar un mensaje en t = 2700.240000 us
1 envia un mensaje hacia 0 en t = 2700.250000 us
0 ha recibido un mensaje proveniente de 1 en t = 2723.930000 us
0 envia un mensaje hacia 2 en t = 2723.940000 us
2 ha recibido un mensaje proveniente de 0 en t = 2727.150000 us
2 ha terminado de procesar un mensaje en t = 2739.150000 us
2 envia un mensaje hacia 0 en t = 2739.160000 us
0 ha recibido un mensaje proveniente de 2 en t = 2762.840000 us
0 envia un mensaje hacia 3 en t = 2762.850000 us
3 ha recibido un mensaje proveniente de 0 en t = 2766.060000 us
3 ha terminado de procesar un mensaje en t = 2778.060000 us
3 envia un mensaje hacia 0 en t = 2778.070000 us
0 ha recibido un mensaje proveniente de 3 en t = 2801.750000 us
0 envia un mensaje hacia 5 en t = 2801.760000 us
---------------------
0 envia un mensaje hacia 1 en t = 2801.770000 us
1 ha recibido un mensaje proveniente de 0 en t = 2804.980000 us
1 ha terminado de procesar un mensaje en t = 2816.980000 us
1 envia un mensaje hacia 0 en t = 2816.990000 us
0 ha recibido un mensaje proveniente de 1 en t = 2840.670000 us
0 envia un mensaje hacia 2 en t = 2840.680000 us
2 ha recibido un mensaje proveniente de 0 en t = 2843.890000 us
2 ha terminado de procesar un mensaje en t = 2855.890000 us
2 envia un mensaje hacia 0 en t = 2855.900000 us
0 ha recibido un mensaje proveniente de 2 en t = 2879.580000 us
0 envia un mensaje hacia 3 en t = 2879.590000 us
3 ha recibido un mensaje proveniente de 0 en t = 2882.800000 us
3 ha terminado de procesar un mensaje en t = 2894.800000 us
3 envia un mensaje hacia 0 en t = 2894.810000 us
0 ha recibido un mensaje proveniente de 3 en t = 2918.490000 us
0 envia un mensaje hacia 5 en t = 2918.500000 us
---------------------
0 envia un mensaje hacia 1 en t = 2918.510000 us
1 ha recibido un mensaje proveniente de 0 en t = 2921.720000 us
1 ha terminado de procesar un mensaje en t = 2933.720000 us
1 envia un mensaje hacia 0 en t = 2933.730000 us
0 ha recibido un mensaje proveniente de 1 en t = 2957.410000 us
0 envia un mensaje hacia 2 en t = 2957.420000 us
2 ha recibido un mensaje proveniente de 0 en t = 2960.630000 us
2 ha terminado de procesar un mensaje en t = 2972.630000 us
2 envia un mensaje hacia 0 en t = 2972.640000 us
0 ha recibido un mensaje proveniente de 2 en t = 2996.320000 us
0 envia un mensaje hacia 3 en t = 2996.330000 us
3 ha recibido un mensaje proveniente de 0 en t = 2999.540000 us
3 ha terminado de procesar un mensaje en t = 3011.540000 us
3 envia un mensaje hacia 0 en t = 3011.550000 us
0 ha recibido un mensaje proveniente de 3 en t = 3035.230000 us
0 envia un mensaje hacia 5 en t = 3035.240000 us
---------------------
0 envia un mensaje hacia 1 en t = 3035.250000 us
1 ha recibido un mensaje proveniente de 0 en t = 3038.460000 us
1 ha terminado de procesar un mensaje en t = 3050.460000 us
1 envia un mensaje hacia 0 en t = 3050.470000 us
0 ha recibido un mensaje proveniente de 1 en t = 3074.150000 us
0 envia un mensaje hacia 2 en t = 3074.160000 us
2 ha recibido un mensaje proveniente de 0 en t = 3077.370000 us
2 ha terminado de procesar un mensaje en t = 3089.370000 us
2 envia un mensaje hacia 0 en t = 3089.380000 us
0 ha recibido un mensaje proveniente de 2 en t = 3113.060000 us
0 envia un mensaje hacia 3 en t = 3113.070000 us
3 ha recibido un mensaje proveniente de 0 en t = 3116.280000 us
3 ha terminado de procesar un mensaje en t = 3128.280000 us
3 envia un mensaje hacia 0 en t = 3128.290000 us
0 ha recibido un mensaje proveniente de 3 en t = 3151.970000 us
0 envia un mensaje hacia 5 en t = 3151.980000 us
---------------------
0 envia un mensaje hacia 1 en t = 3151.990000 us
1 ha recibido un mensaje proveniente de 0 en t = 3155.200000 us
1 ha terminado de procesar un mensaje en t = 3167.200000 us
1 envia un mensaje hacia 0 en t = 3167.210000 us
0 ha recibido un mensaje proveniente de 1 en t = 3190.890000 us
0 envia un mensaje hacia 2 en t = 3190.900000 us
2 ha recibido un mensaje proveniente de 0 en t = 3194.110000 us
2 ha terminado de procesar un mensaje en t = 3206.110000 us
2 envia un mensaje hacia 0 en t = 3206.120000 us
0 ha recibido un mensaje proveniente de 2 en t = 3229.800000 us
0 envia un mensaje hacia 3 en t = 3229.810000 us
3 ha recibido un mensaje proveniente de 0 en t = 3233.020000 us
3 ha terminado de procesar un mensaje en t = 3245.020000 us
3 envia un mensaje hacia 0 en t = 3245.030000 us
0 ha recibido un mensaje proveniente de 3 en t = 3268.710000 us
0 envia un mensaje hacia 5 en t = 3268.720000 us
---------------------
0 envia un mensaje hacia 1 en t = 3268.730000 us
1 ha recibido un mensaje proveniente de 0 en t = 3271.940000 us
1 ha terminado de procesar un mensaje en t = 3283.940000 us
1 envia un mensaje hacia 0 en t = 3283.950000 us
0 ha recibido un mensaje proveniente de 1 en t = 3307.630000 us
0 envia un mensaje hacia 2 en t = 3307.640000 us
2 ha recibido un mensaje proveniente de 0 en t = 3310.850000 us
2 ha terminado de procesar un mensaje en t = 3322.850000 us
2 envia un mensaje hacia 0 en t = 3322.860000 us
0 ha recibido un mensaje proveniente de 2 en t = 3346.540000 us
0 envia un mensaje hacia 3 en t = 3346.550000 us
3 ha recibido un mensaje proveniente de 0 en t = 3349.760000 us
3 ha terminado de procesar un mensaje en t = 3361.760000 us
3 envia un mensaje hacia 0 en t = 3361.770000 us
0 ha recibido un mensaje proveniente de 3 en t = 3385.450000 us
0 envia un mensaje hacia 5 en t = 3385.460000 us
---------------------
0 envia un mensaje hacia 1 en t = 3385.470000 us
1 ha recibido un mensaje proveniente de 0 en t = 3388.680000 us
1 ha terminado de procesar un mensaje en t = 3400.680000 us
1 envia un mensaje hacia 0 en t = 3400.690000 us
0 ha recibido un mensaje proveniente de 1 en t = 3424.370000 us
0 envia un mensaje hacia 2 en t = 3424.380000 us
2 ha recibido un mensaje proveniente de 0 en t = 3427.590000 us
2 ha terminado de procesar un mensaje en t = 3439.590000 us
2 envia un mensaje hacia 0 en t = 3439.600000 us
0 ha recibido un mensaje proveniente de 2 en t = 3463.280000 us
0 envia un mensaje hacia 3 en t = 3463.290000 us
3 ha recibido un mensaje proveniente de 0 en t = 3466.500000 us
3 ha terminado de procesar un mensaje en t = 3478.500000 us
3 envia un mensaje hacia 0 en t = 3478.510000 us
0 ha recibido un mensaje proveniente de 3 en t = 3502.190000 us
0 envia un mensaje hacia 5 en t = 3502.200000 us
---------------------
0 envia un mensaje hacia 1 en t = 3502.210000 us
1 ha recibido un mensaje proveniente de 0 en t = 3505.420000 us
1 ha terminado de procesar un mensaje en t = 3517.420000 us
1 envia un mensaje hacia 0 en t = 3517.430000 us
0 ha recibido un mensaje proveniente de 1 en t = 3541.110000 us
0 envia un mensaje hacia 2 en t = 3541.120000 us
2 ha recibido un mensaje proveniente de 0 en t = 3544.330000 us
2 ha terminado de procesar un mensaje en t = 3556.330000 us
2 envia un mensaje hacia 0 en t = 3556.340000 us
0 ha recibido un mensaje proveniente de 2 en t = 3580.020000 us
0 envia un mensaje hacia 3 en t = 3580.030000 us
3 ha recibido un mensaje proveniente de 0 en t = 3583.240000 us
3 ha terminado de procesar un mensaje en t = 3595.240000 us
3 envia un mensaje hacia 0 en t = 3595.250000 us
0 ha recibido un mensaje proveniente de 3 en t = 3618.930000 us
0 envia un mensaje hacia 5 en t = 3618.940000 us
---------------------
0 envia un mensaje hacia 1 en t = 3618.950000 us
1 ha recibido un mensaje proveniente de 0 en t = 3622.160000 us
1 ha terminado de procesar un mensaje en t = 3634.160000 us
1 envia un mensaje hacia 0 en t = 3634.170000 us
0 ha recibido un mensaje proveniente de 1 en t = 3657.850000 us
0 envia un mensaje hacia 2 en t = 3657.860000 us
2 ha recibido un mensaje proveniente de 0 en t = 3661.070000 us
2 ha terminado de procesar un mensaje en t = 3673.070000 us
2 envia un mensaje hacia 0 en t = 3673.080000 us
0 ha recibido un mensaje proveniente de 2 en t = 3696.760000 us
0 envia un mensaje hacia 3 en t = 3696.770000 us
3 ha recibido un mensaje proveniente de 0 en t = 3699.980000 us
3 ha terminado de procesar un mensaje en t = 3711.980000 us
3 envia un mensaje hacia 0 en t = 3711.990000 us
0 ha recibido un mensaje proveniente de 3 en t = 3735.670000 us
0 envia un mensaje hacia 5 en t = 3735.680000 us
---------------------
0 envia un mensaje hacia 1 en t = 3735.690000 us
1 ha recibido un mensaje proveniente de 0 en t = 3738.900000 us
1 ha terminado de procesar un mensaje en t = 3750.900000 us
1 envia un mensaje hacia 0 en t = 3750.910000 us
0 ha recibido un mensaje proveniente de 1 en t = 3774.590000 us
0 envia un mensaje hacia 2 en t = 3774.600000 us
2 ha recibido un mensaje proveniente de 0 en t = 3777.810000 us
2 ha terminado de procesar un mensaje en t = 3789.810000 us
2 envia un mensaje hacia 0 en t = 3789.820000 us
0 ha recibido un mensaje proveniente de 2 en t = 3813.500000 us
0 envia un mensaje hacia 3 en t = 3813.510000 us
3 ha recibido un mensaje proveniente de 0 en t = 3816.720000 us
3 ha terminado de procesar un mensaje en t = 3828.720000 us
3 envia un mensaje hacia 0 en t = 3828.730000 us
0 ha recibido un mensaje proveniente de 3 en t = 3852.410000 us
0 envia un mensaje hacia 5 en t = 3852.420000 us
---------------------
0 envia un mensaje hacia 1 en t = 3852.430000 us
1 ha recibido un mensaje proveniente de 0 en t = 3855.640000 us
1 ha terminado de procesar un mensaje en t = 3867.640000 us
1 envia un mensaje hacia 0 en t = 3867.650000 us
0 ha recibido un mensaje proveniente de 1 en t = 3891.330000 us
0 envia un mensaje hacia 2 en t = 3891.340000 us
2 ha recibido un mensaje proveniente de 0 en t = 3894.550000 us
2 ha terminado de procesar un mensaje en t = 3906.550000 us
2 envia un mensaje hacia 0 en t = 3906.560000 us
0 ha recibido un mensaje proveniente de 2 en t = 3930.240000 us
0 envia un mensaje hacia 3 en t = 3930.250000 us
3 ha recibido un mensaje proveniente de 0 en t = 3933.460000 us
3 ha terminado de procesar un mensaje en t = 3945.460000 us
3 envia un mensaje hacia 0 en t = 3945.470000 us
0 ha recibido un mensaje proveniente de 3 en t = 3969.150000 us
0 envia un mensaje hacia 5 en t = 3969.160000 us
---------------------
0 envia un mensaje hacia 1 en t = 3969.170000 us
1 ha recibido un mensaje proveniente de 0 en t = 3972.380000 us
1 ha terminado de procesar un mensaje en t = 3984.380000 us
1 envia un mensaje hacia 0 en t = 3984.390000 us
0 ha recibido un mensaje proveniente de 1 en t = 4008.070000 us
0 envia un mensaje hacia 2 en t = 4008.080000 us
2 ha recibido un mensaje proveniente de 0 en t = 4011.290000 us
2 ha terminado de procesar un mensaje en t = 4023.290000 us
2 envia un mensaje hacia 0 en t = 4023.300000 us
0 ha recibido un mensaje proveniente de 2 en t = 4046.980000 us
0 envia un mensaje hacia 3 en t = 4046.990000 us
3 ha recibido un mensaje proveniente de 0 en t = 4050.200000 us
3 ha terminado de procesar un mensaje en t = 4062.200000 us
3 envia un mensaje hacia 0 en t = 4062.210000 us
0 ha recibido un mensaje proveniente de 3 en t = 4085.890000 us
0 envia un mensaje hacia 5 en t = 4085.900000 us
---------------------
0 envia un mensaje hacia 1 en t = 4085.910000 us
1 ha recibido un mensaje proveniente de 0 en t = 4089.120000 us
1 ha terminado de procesar un mensaje en t = 4101.120000 us
1 envia un mensaje hacia 0 en t = 4101.130000 us
0 ha recibido un mensaje proveniente de 1 en t = 4124.810000 us
0 envia un mensaje hacia 2 en t = 4124.820000 us
2 ha recibido un mensaje proveniente de 0 en t = 4128.030000 us
2 ha terminado de procesar un mensaje en t = 4140.030000 us
2 envia un mensaje hacia 0 en t = 4140.040000 us
0 ha recibido un mensaje proveniente de 2 en t = 4163.720000 us
0 envia un mensaje hacia 3 en t = 4163.730000 us
3 ha recibido un mensaje proveniente de 0 en t = 4166.940000 us
3 ha terminado de procesar un mensaje en t = 4178.940000 us
3 envia un mensaje hacia 0 en t = 4178.950000 us
0 ha recibido un mensaje proveniente de 3 en t = 4202.630000 us
0 envia un mensaje hacia 5 en t = 4202.640000 us
---------------------
0 envia un mensaje hacia 1 en t = 4202.650000 us
1 ha recibido un mensaje proveniente de 0 en t = 4205.860000 us
1 ha terminado de procesar un mensaje en t = 4217.860000 us
1 envia un mensaje hacia 0 en t = 4217.870000 us
0 ha recibido un mensaje proveniente de 1 en t = 4241.550000 us
0 envia un mensaje hacia 2 en t = 4241.560000 us
2 ha recibido un mensaje proveniente de 0 en t = 4244.770000 us
2 ha terminado de procesar un mensaje en t = 4256.770000 us
2 envia un mensaje hacia 0 en t = 4256.780000 us
0 ha recibido un mensaje proveniente de 2 en t = 4280.460000 us
0 envia un mensaje hacia 3 en t = 4280.470000 us
3 ha recibido un mensaje proveniente de 0 en t = 4283.680000 us
3 ha terminado de procesar un mensaje en t = 4295.680000 us
3 envia un mensaje hacia 0 en t = 4295.690000 us
0 ha recibido un mensaje proveniente de 3 en t = 4319.370000 us
0 envia un mensaje hacia 5 en t = 4319.380000 us
---------------------
0 envia un mensaje hacia 1 en t = 4319.390000 us
1 ha recibido un mensaje proveniente de 0 en t = 4322.600000 us
1 ha terminado de procesar un mensaje en t = 4334.600000 us
1 envia un mensaje hacia 0 en t = 4334.610000 us
0 ha recibido un mensaje proveniente de 1 en t = 4358.290000 us
0 envia un mensaje hacia 2 en t = 4358.300000 us
2 ha recibido un mensaje proveniente de 0 en t = 4361.510000 us
2 ha terminado de procesar un mensaje en t = 4373.510000 us
2 envia un mensaje hacia 0 en t = 4373.520000 us
0 ha recibido un mensaje proveniente de 2 en t = 4397.200000 us
0 envia un mensaje hacia 3 en t = 4397.210000 us
3 ha recibido un mensaje proveniente de 0 en t = 4400.420000 us
3 ha terminado de procesar un mensaje en t = 4412.420000 us
3 envia un mensaje hacia 0 en t = 4412.430000 us
0 ha recibido un mensaje proveniente de 3 en t = 4436.110000 us
0 envia un mensaje hacia 5 en t = 4436.120000 us
---------------------
0 envia un mensaje hacia 1 en t = 4436.130000 us
1 ha recibido un mensaje proveniente de 0 en t = 4439.340000 us
1 ha terminado de procesar un mensaje en t = 4451.340000 us
1 envia un mensaje hacia 0 en t = 4451.350000 us
0 ha recibido un mensaje proveniente de 1 en t = 4475.030000 us
0 envia un mensaje hacia 2 en t = 4475.040000 us
2 ha recibido un mensaje proveniente de 0 en t = 4478.250000 us
2 ha terminado de procesar un mensaje en t = 4490.250000 us
2 envia un mensaje hacia 0 en t = 4490.260000 us
0 ha recibido un mensaje proveniente de 2 en t = 4513.940000 us
0 envia un mensaje hacia 3 en t = 4513.950000 us
3 ha recibido un mensaje proveniente de 0 en t = 4517.160000 us
3 ha terminado de procesar un mensaje en t = 4529.160000 us
3 envia un mensaje hacia 0 en t = 4529.170000 us
0 ha recibido un mensaje proveniente de 3 en t = 4552.850000 us
0 envia un mensaje hacia 5 en t = 4552.860000 us
---------------------
0 envia un mensaje hacia 1 en t = 4552.870000 us
1 ha recibido un mensaje proveniente de 0 en t = 4556.080000 us
1 ha terminado de procesar un mensaje en t = 4568.080000 us
1 envia un mensaje hacia 0 en t = 4568.090000 us
0 ha recibido un mensaje proveniente de 1 en t = 4591.770000 us
0 envia un mensaje hacia 2 en t = 4591.780000 us
2 ha recibido un mensaje proveniente de 0 en t = 4594.990000 us
2 ha terminado de procesar un mensaje en t = 4606.990000 us
2 envia un mensaje hacia 0 en t = 4607.000000 us
0 ha recibido un mensaje proveniente de 2 en t = 4630.680000 us
0 envia un mensaje hacia 3 en t = 4630.690000 us
3 ha recibido un mensaje proveniente de 0 en t = 4633.900000 us
3 ha terminado de procesar un mensaje en t = 4645.900000 us
3 envia un mensaje hacia 0 en t = 4645.910000 us
0 ha recibido un mensaje proveniente de 3 en t = 4669.590000 us
0 envia un mensaje hacia 5 en t = 4669.600000 us
---------------------
0 envia un mensaje hacia 1 en t = 4669.610000 us
1 ha recibido un mensaje proveniente de 0 en t = 4672.820000 us
1 ha terminado de procesar un mensaje en t = 4684.820000 us
1 envia un mensaje hacia 0 en t = 4684.830000 us
0 ha recibido un mensaje proveniente de 1 en t = 4708.510000 us
0 envia un mensaje hacia 2 en t = 4708.520000 us
2 ha recibido un mensaje proveniente de 0 en t = 4711.730000 us
2 ha terminado de procesar un mensaje en t = 4723.730000 us
2 envia un mensaje hacia 0 en t = 4723.740000 us
0 ha recibido un mensaje proveniente de 2 en t = 4747.420000 us
0 envia un mensaje hacia 3 en t = 4747.430000 us
3 ha recibido un mensaje proveniente de 0 en t = 4750.640000 us
3 ha terminado de procesar un mensaje en t = 4762.640000 us
3 envia un mensaje hacia 0 en t = 4762.650000 us
0 ha recibido un mensaje proveniente de 3 en t = 4786.330000 us
0 envia un mensaje hacia 5 en t = 4786.340000 us
---------------------
0 envia un mensaje hacia 1 en t = 4786.350000 us
1 ha recibido un mensaje proveniente de 0 en t = 4789.560000 us
1 ha terminado de procesar un mensaje en t = 4801.560000 us
1 envia un mensaje hacia 0 en t = 4801.570000 us
0 ha recibido un mensaje proveniente de 1 en t = 4825.250000 us
0 envia un mensaje hacia 2 en t = 4825.260000 us
2 ha recibido un mensaje proveniente de 0 en t = 4828.470000 us
2 ha terminado de procesar un mensaje en t = 4840.470000 us
2 envia un mensaje hacia 0 en t = 4840.480000 us
0 ha recibido un mensaje proveniente de 2 en t = 4864.160000 us
0 envia un mensaje hacia 3 en t = 4864.170000 us
3 ha recibido un mensaje proveniente de 0 en t = 4867.380000 us
3 ha terminado de procesar un mensaje en t = 4879.380000 us
3 envia un mensaje hacia 0 en t = 4879.390000 us
0 ha recibido un mensaje proveniente de 3 en t = 4903.070000 us
0 envia un mensaje hacia 5 en t = 4903.080000 us
---------------------
0 envia un mensaje hacia 1 en t = 4903.090000 us
1 ha recibido un mensaje proveniente de 0 en t = 4906.300000 us
1 ha terminado de procesar un mensaje en t = 4918.300000 us
1 envia un mensaje hacia 0 en t = 4918.310000 us
0 ha recibido un mensaje proveniente de 1 en t = 4941.990000 us
0 envia un mensaje hacia 2 en t = 4942.000000 us
2 ha recibido un mensaje proveniente de 0 en t = 4945.210000 us
2 ha terminado de procesar un mensaje en t = 4957.210000 us
2 envia un mensaje hacia 0 en t = 4957.220000 us
0 ha recibido un mensaje proveniente de 2 en t = 4980.900000 us
0 envia un mensaje hacia 3 en t = 4980.910000 us
3 ha recibido un mensaje proveniente de 0 en t = 4984.120000 us
3 ha terminado de procesar un mensaje en t = 4996.120000 us
3 envia un mensaje hacia 0 en t = 4996.130000 us
0 ha recibido un mensaje proveniente de 3 en t = 5019.810000 us
0 envia un mensaje hacia 5 en t = 5019.820000 us
---------------------
0 envia un mensaje hacia 1 en t = 5019.830000 us
1 ha recibido un mensaje proveniente de 0 en t = 5023.040000 us
1 ha terminado de procesar un mensaje en t = 5035.040000 us
1 envia un mensaje hacia 0 en t = 5035.050000 us
0 ha recibido un mensaje proveniente de 1 en t = 5058.730000 us
0 envia un mensaje hacia 2 en t = 5058.740000 us
2 ha recibido un mensaje proveniente de 0 en t = 5061.950000 us
2 ha terminado de procesar un mensaje en t = 5073.950000 us
2 envia un mensaje hacia 0 en t = 5073.960000 us
0 ha recibido un mensaje proveniente de 2 en t = 5097.640000 us
0 envia un mensaje hacia 3 en t = 5097.650000 us
3 ha recibido un mensaje proveniente de 0 en t = 5100.860000 us
3 ha terminado de procesar un mensaje en t = 5112.860000 us
3 envia un mensaje hacia 0 en t = 5112.870000 us
0 ha recibido un mensaje proveniente de 3 en t = 5136.550000 us
0 envia un mensaje hacia 5 en t = 5136.560000 us
---------------------
0 envia un mensaje hacia 1 en t = 5136.570000 us
1 ha recibido un mensaje proveniente de 0 en t = 5139.780000 us
1 ha terminado de procesar un mensaje en t = 5151.780000 us
1 envia un mensaje hacia 0 en t = 5151.790000 us
0 ha recibido un mensaje proveniente de 1 en t = 5175.470000 us
0 envia un mensaje hacia 2 en t = 5175.480000 us
2 ha recibido un mensaje proveniente de 0 en t = 5178.690000 us
2 ha terminado de procesar un mensaje en t = 5190.690000 us
2 envia un mensaje hacia 0 en t = 5190.700000 us
0 ha recibido un mensaje proveniente de 2 en t = 5214.380000 us
0 envia un mensaje hacia 3 en t = 5214.390000 us
3 ha recibido un mensaje proveniente de 0 en t = 5217.600000 us
3 ha terminado de procesar un mensaje en t = 5229.600000 us
3 envia un mensaje hacia 0 en t = 5229.610000 us
0 ha recibido un mensaje proveniente de 3 en t = 5253.290000 us
0 envia un mensaje hacia 5 en t = 5253.300000 us
---------------------
0 envia un mensaje hacia 1 en t = 5253.310000 us
1 ha recibido un mensaje proveniente de 0 en t = 5256.520000 us
1 ha terminado de procesar un mensaje en t = 5268.520000 us
1 envia un mensaje hacia 0 en t = 5268.530000 us
0 ha recibido un mensaje proveniente de 1 en t = 5292.210000 us
0 envia un mensaje hacia 2 en t = 5292.220000 us
2 ha recibido un mensaje proveniente de 0 en t = 5295.430000 us
2 ha terminado de procesar un mensaje en t = 5307.430000 us
2 envia un mensaje hacia 0 en t = 5307.440000 us
0 ha recibido un mensaje proveniente de 2 en t = 5331.120000 us
0 envia un mensaje hacia 3 en t = 5331.130000 us
3 ha recibido un mensaje proveniente de 0 en t = 5334.340000 us
3 ha terminado de procesar un mensaje en t = 5346.340000 us
3 envia un mensaje hacia 0 en t = 5346.350000 us
0 ha recibido un mensaje proveniente de 3 en t = 5370.030000 us
0 envia un mensaje hacia 5 en t = 5370.040000 us
---------------------
0 envia un mensaje hacia 1 en t = 5370.050000 us
1 ha recibido un mensaje proveniente de 0 en t = 5373.260000 us
1 ha terminado de procesar un mensaje en t = 5385.260000 us
1 envia un mensaje hacia 0 en t = 5385.270000 us
0 ha recibido un mensaje proveniente de 1 en t = 5408.950000 us
0 envia un mensaje hacia 2 en t = 5408.960000 us
2 ha recibido un mensaje proveniente de 0 en t = 5412.170000 us
2 ha terminado de procesar un mensaje en t = 5424.170000 us
2 envia un mensaje hacia 0 en t = 5424.180000 us
0 ha recibido un mensaje proveniente de 2 en t = 5447.860000 us
0 envia un mensaje hacia 3 en t = 5447.870000 us
3 ha recibido un mensaje proveniente de 0 en t = 5451.080000 us
3 ha terminado de procesar un mensaje en t = 5463.080000 us
3 envia un mensaje hacia 0 en t = 5463.090000 us
0 ha recibido un mensaje proveniente de 3 en t = 5486.770000 us
0 envia un mensaje hacia 5 en t = 5486.780000 us
---------------------
0 envia un mensaje hacia 1 en t = 5486.790000 us
1 ha recibido un mensaje proveniente de 0 en t = 5490.000000 us
1 ha terminado de procesar un mensaje en t = 5502.000000 us
1 envia un mensaje hacia 0 en t = 5502.010000 us
0 ha recibido un mensaje proveniente de 1 en t = 5525.690000 us
0 envia un mensaje hacia 2 en t = 5525.700000 us
2 ha recibido un mensaje proveniente de 0 en t = 5528.910000 us
2 ha terminado de procesar un mensaje en t = 5540.910000 us
2 envia un mensaje hacia 0 en t = 5540.920000 us
0 ha recibido un mensaje proveniente de 2 en t = 5564.600000 us
0 envia un mensaje hacia 3 en t = 5564.610000 us
3 ha recibido un mensaje proveniente de 0 en t = 5567.820000 us
3 ha terminado de procesar un mensaje en t = 5579.820000 us
3 envia un mensaje hacia 0 en t = 5579.830000 us
0 ha recibido un mensaje proveniente de 3 en t = 5603.510000 us
0 envia un mensaje hacia 5 en t = 5603.520000 us
---------------------
0 envia un mensaje hacia 1 en t = 5603.530000 us
1 ha recibido un mensaje proveniente de 0 en t = 5606.740000 us
1 ha terminado de procesar un mensaje en t = 5618.740000 us
1 envia un mensaje hacia 0 en t = 5618.750000 us
0 ha recibido un mensaje proveniente de 1 en t = 5642.430000 us
0 envia un mensaje hacia 2 en t = 5642.440000 us
2 ha recibido un mensaje proveniente de 0 en t = 5645.650000 us
2 ha terminado de procesar un mensaje en t = 5657.650000 us
2 envia un mensaje hacia 0 en t = 5657.660000 us
0 ha recibido un mensaje proveniente de 2 en t = 5681.340000 us
0 envia un mensaje hacia 3 en t = 5681.350000 us
3 ha recibido un mensaje proveniente de 0 en t = 5684.560000 us
3 ha terminado de procesar un mensaje en t = 5696.560000 us
3 envia un mensaje hacia 0 en t = 5696.570000 us
0 ha recibido un mensaje proveniente de 3 en t = 5720.250000 us
0 envia un mensaje hacia 5 en t = 5720.260000 us
---------------------
0 envia un mensaje hacia 1 en t = 5720.270000 us
1 ha recibido un mensaje proveniente de 0 en t = 5723.480000 us
1 ha terminado de procesar un mensaje en t = 5735.480000 us
1 envia un mensaje hacia 0 en t = 5735.490000 us
0 ha recibido un mensaje proveniente de 1 en t = 5759.170000 us
0 envia un mensaje hacia 2 en t = 5759.180000 us
2 ha recibido un mensaje proveniente de 0 en t = 5762.390000 us
2 ha terminado de procesar un mensaje en t = 5774.390000 us
2 envia un mensaje hacia 0 en t = 5774.400000 us
0 ha recibido un mensaje proveniente de 2 en t = 5798.080000 us
0 envia un mensaje hacia 3 en t = 5798.090000 us
3 ha recibido un mensaje proveniente de 0 en t = 5801.300000 us
3 ha terminado de procesar un mensaje en t = 5813.300000 us
3 envia un mensaje hacia 0 en t = 5813.310000 us
0 ha recibido un mensaje proveniente de 3 en t = 5836.990000 us
0 envia un mensaje hacia 5 en t = 5837.000000 us
---------------------
0 envia un mensaje hacia 1 en t = 5837.010000 us
1 ha recibido un mensaje proveniente de 0 en t = 5840.220000 us
1 ha terminado de procesar un mensaje en t = 5852.220000 us
1 envia un mensaje hacia 0 en t = 5852.230000 us
0 ha recibido un mensaje proveniente de 1 en t = 5875.910000 us
0 envia un mensaje hacia 2 en t = 5875.920000 us
2 ha recibido un mensaje proveniente de 0 en t = 5879.130000 us
2 ha terminado de procesar un mensaje en t = 5891.130000 us
2 envia un mensaje hacia 0 en t = 5891.140000 us
0 ha recibido un mensaje proveniente de 2 en t = 5914.820000 us
0 envia un mensaje hacia 3 en t = 5914.830000 us
3 ha recibido un mensaje proveniente de 0 en t = 5918.040000 us
3 ha terminado de procesar un mensaje en t = 5930.040000 us
3 envia un mensaje hacia 0 en t = 5930.050000 us
0 ha recibido un mensaje proveniente de 3 en t = 5953.730000 us
0 envia un mensaje hacia 5 en t = 5953.740000 us
---------------------
0 envia un mensaje hacia 1 en t = 5953.750000 us
1 ha recibido un mensaje proveniente de 0 en t = 5956.960000 us
1 ha terminado de procesar un mensaje en t = 5968.960000 us
1 envia un mensaje hacia 0 en t = 5968.970000 us
0 ha recibido un mensaje proveniente de 1 en t = 5992.650000 us
0 envia un mensaje hacia 2 en t = 5992.660000 us
2 ha recibido un mensaje proveniente de 0 en t = 5995.870000 us
2 ha terminado de procesar un mensaje en t = 6007.870000 us
2 envia un mensaje hacia 0 en t = 6007.880000 us
0 ha recibido un mensaje proveniente de 2 en t = 6031.560000 us
0 envia un mensaje hacia 3 en t = 6031.570000 us
3 ha recibido un mensaje proveniente de 0 en t = 6034.780000 us
3 ha terminado de procesar un mensaje en t = 6046.780000 us
3 envia un mensaje hacia 0 en t = 6046.790000 us
0 ha recibido un mensaje proveniente de 3 en t = 6070.470000 us
0 envia un mensaje hacia 5 en t = 6070.480000 us
---------------------
0 envia un mensaje hacia 1 en t = 6070.490000 us
1 ha recibido un mensaje proveniente de 0 en t = 6073.700000 us
1 ha terminado de procesar un mensaje en t = 6085.700000 us
1 envia un mensaje hacia 0 en t = 6085.710000 us
0 ha recibido un mensaje proveniente de 1 en t = 6109.390000 us
0 envia un mensaje hacia 2 en t = 6109.400000 us
2 ha recibido un mensaje proveniente de 0 en t = 6112.610000 us
2 ha terminado de procesar un mensaje en t = 6124.610000 us
2 envia un mensaje hacia 0 en t = 6124.620000 us
0 ha recibido un mensaje proveniente de 2 en t = 6148.300000 us
0 envia un mensaje hacia 3 en t = 6148.310000 us
3 ha recibido un mensaje proveniente de 0 en t = 6151.520000 us
3 ha terminado de procesar un mensaje en t = 6163.520000 us
3 envia un mensaje hacia 0 en t = 6163.530000 us
0 ha recibido un mensaje proveniente de 3 en t = 6187.210000 us
0 envia un mensaje hacia 5 en t = 6187.220000 us
---------------------
0 envia un mensaje hacia 1 en t = 6187.230000 us
1 ha recibido un mensaje proveniente de 0 en t = 6190.440000 us
1 ha terminado de procesar un mensaje en t = 6202.440000 us
1 envia un mensaje hacia 0 en t = 6202.450000 us
0 ha recibido un mensaje proveniente de 1 en t = 6226.130000 us
0 envia un mensaje hacia 2 en t = 6226.140000 us
2 ha recibido un mensaje proveniente de 0 en t = 6229.350000 us
2 ha terminado de procesar un mensaje en t = 6241.350000 us
2 envia un mensaje hacia 0 en t = 6241.360000 us
0 ha recibido un mensaje proveniente de 2 en t = 6265.040000 us
0 envia un mensaje hacia 3 en t = 6265.050000 us
3 ha recibido un mensaje proveniente de 0 en t = 6268.260000 us
3 ha terminado de procesar un mensaje en t = 6280.260000 us
3 envia un mensaje hacia 0 en t = 6280.270000 us
0 ha recibido un mensaje proveniente de 3 en t = 6303.950000 us
0 envia un mensaje hacia 5 en t = 6303.960000 us
---------------------
0 envia un mensaje hacia 1 en t = 6303.970000 us
1 ha recibido un mensaje proveniente de 0 en t = 6307.180000 us
1 ha terminado de procesar un mensaje en t = 6319.180000 us
1 envia un mensaje hacia 0 en t = 6319.190000 us
0 ha recibido un mensaje proveniente de 1 en t = 6342.870000 us
0 envia un mensaje hacia 2 en t = 6342.880000 us
2 ha recibido un mensaje proveniente de 0 en t = 6346.090000 us
2 ha terminado de procesar un mensaje en t = 6358.090000 us
2 envia un mensaje hacia 0 en t = 6358.100000 us
0 ha recibido un mensaje proveniente de 2 en t = 6381.780000 us
0 envia un mensaje hacia 3 en t = 6381.790000 us
3 ha recibido un mensaje proveniente de 0 en t = 6385.000000 us
3 ha terminado de procesar un mensaje en t = 6397.000000 us
3 envia un mensaje hacia 0 en t = 6397.010000 us
0 ha recibido un mensaje proveniente de 3 en t = 6420.690000 us
0 envia un mensaje hacia 5 en t = 6420.700000 us
---------------------
0 envia un mensaje hacia 1 en t = 6420.710000 us
1 ha recibido un mensaje proveniente de 0 en t = 6423.920000 us
1 ha terminado de procesar un mensaje en t = 6435.920000 us
1 envia un mensaje hacia 0 en t = 6435.930000 us
0 ha recibido un mensaje proveniente de 1 en t = 6459.610000 us
0 envia un mensaje hacia 2 en t = 6459.620000 us
2 ha recibido un mensaje proveniente de 0 en t = 6462.830000 us
2 ha terminado de procesar un mensaje en t = 6474.830000 us
2 envia un mensaje hacia 0 en t = 6474.840000 us
0 ha recibido un mensaje proveniente de 2 en t = 6498.520000 us
0 envia un mensaje hacia 3 en t = 6498.530000 us
3 ha recibido un mensaje proveniente de 0 en t = 6501.740000 us
3 ha terminado de procesar un mensaje en t = 6513.740000 us
3 envia un mensaje hacia 0 en t = 6513.750000 us
0 ha recibido un mensaje proveniente de 3 en t = 6537.430000 us
0 envia un mensaje hacia 5 en t = 6537.440000 us
---------------------
0 envia un mensaje hacia 1 en t = 6537.450000 us
1 ha recibido un mensaje proveniente de 0 en t = 6540.660000 us
1 ha terminado de procesar un mensaje en t = 6552.660000 us
1 envia un mensaje hacia 0 en t = 6552.670000 us
0 ha recibido un mensaje proveniente de 1 en t = 6576.350000 us
0 envia un mensaje hacia 2 en t = 6576.360000 us
2 ha recibido un mensaje proveniente de 0 en t = 6579.570000 us
2 ha terminado de procesar un mensaje en t = 6591.570000 us
2 envia un mensaje hacia 0 en t = 6591.580000 us
0 ha recibido un mensaje proveniente de 2 en t = 6615.260000 us
0 envia un mensaje hacia 3 en t = 6615.270000 us
3 ha recibido un mensaje proveniente de 0 en t = 6618.480000 us
3 ha terminado de procesar un mensaje en t = 6630.480000 us
3 envia un mensaje hacia 0 en t = 6630.490000 us
0 ha recibido un mensaje proveniente de 3 en t = 6654.170000 us
0 envia un mensaje hacia 5 en t = 6654.180000 us
---------------------
0 envia un mensaje hacia 1 en t = 6654.190000 us
1 ha recibido un mensaje proveniente de 0 en t = 6657.400000 us
1 ha terminado de procesar un mensaje en t = 6669.400000 us
1 envia un mensaje hacia 0 en t = 6669.410000 us
0 ha recibido un mensaje proveniente de 1 en t = 6693.090000 us
0 envia un mensaje hacia 2 en t = 6693.100000 us
2 ha recibido un mensaje proveniente de 0 en t = 6696.310000 us
2 ha terminado de procesar un mensaje en t = 6708.310000 us
2 envia un mensaje hacia 0 en t = 6708.320000 us
0 ha recibido un mensaje proveniente de 2 en t = 6732.000000 us
0 envia un mensaje hacia 3 en t = 6732.010000 us
3 ha recibido un mensaje proveniente de 0 en t = 6735.220000 us
3 ha terminado de procesar un mensaje en t = 6747.220000 us
3 envia un mensaje hacia 0 en t = 6747.230000 us
0 ha recibido un mensaje proveniente de 3 en t = 6770.910000 us
0 envia un mensaje hacia 5 en t = 6770.920000 us
---------------------
0 envia un mensaje hacia 1 en t = 6770.930000 us
1 ha recibido un mensaje proveniente de 0 en t = 6774.140000 us
1 ha terminado de procesar un mensaje en t = 6786.140000 us
1 envia un mensaje hacia 0 en t = 6786.150000 us
0 ha recibido un mensaje proveniente de 1 en t = 6809.830000 us
0 envia un mensaje hacia 2 en t = 6809.840000 us
2 ha recibido un mensaje proveniente de 0 en t = 6813.050000 us
2 ha terminado de procesar un mensaje en t = 6825.050000 us
2 envia un mensaje hacia 0 en t = 6825.060000 us
0 ha recibido un mensaje proveniente de 2 en t = 6848.740000 us
0 envia un mensaje hacia 3 en t = 6848.750000 us
3 ha recibido un mensaje proveniente de 0 en t = 6851.960000 us
3 ha terminado de procesar un mensaje en t = 6863.960000 us
3 envia un mensaje hacia 0 en t = 6863.970000 us
0 ha recibido un mensaje proveniente de 3 en t = 6887.650000 us
0 envia un mensaje hacia 5 en t = 6887.660000 us
---------------------
0 envia un mensaje hacia 1 en t = 6887.670000 us
1 ha recibido un mensaje proveniente de 0 en t = 6890.880000 us
1 ha terminado de procesar un mensaje en t = 6902.880000 us
1 envia un mensaje hacia 0 en t = 6902.890000 us
0 ha recibido un mensaje proveniente de 1 en t = 6926.570000 us
0 envia un mensaje hacia 2 en t = 6926.580000 us
2 ha recibido un mensaje proveniente de 0 en t = 6929.790000 us
2 ha terminado de procesar un mensaje en t = 6941.790000 us
2 envia un mensaje hacia 0 en t = 6941.800000 us
0 ha recibido un mensaje proveniente de 2 en t = 6965.480000 us
0 envia un mensaje hacia 3 en t = 6965.490000 us
3 ha recibido un mensaje proveniente de 0 en t = 6968.700000 us
3 ha terminado de procesar un mensaje en t = 6980.700000 us
3 envia un mensaje hacia 0 en t = 6980.710000 us
0 ha recibido un mensaje proveniente de 3 en t = 7004.390000 us
0 envia un mensaje hacia 5 en t = 7004.400000 us
---------------------
0 envia un mensaje hacia 1 en t = 7004.410000 us
1 ha recibido un mensaje proveniente de 0 en t = 7007.620000 us
1 ha terminado de procesar un mensaje en t = 7019.620000 us
1 envia un mensaje hacia 0 en t = 7019.630000 us
0 ha recibido un mensaje proveniente de 1 en t = 7043.310000 us
0 envia un mensaje hacia 2 en t = 7043.320000 us
2 ha recibido un mensaje proveniente de 0 en t = 7046.530000 us
2 ha terminado de procesar un mensaje en t = 7058.530000 us
2 envia un mensaje hacia 0 en t = 7058.540000 us
0 ha recibido un mensaje proveniente de 2 en t = 7082.220000 us
0 envia un mensaje hacia 3 en t = 7082.230000 us
3 ha recibido un mensaje proveniente de 0 en t = 7085.440000 us
3 ha terminado de procesar un mensaje en t = 7097.440000 us
3 envia un mensaje hacia 0 en t = 7097.450000 us
0 ha recibido un mensaje proveniente de 3 en t = 7121.130000 us
0 envia un mensaje hacia 5 en t = 7121.140000 us
---------------------
0 envia un mensaje hacia 1 en t = 7121.150000 us
1 ha recibido un mensaje proveniente de 0 en t = 7124.360000 us
1 ha terminado de procesar un mensaje en t = 7136.360000 us
1 envia un mensaje hacia 0 en t = 7136.370000 us
0 ha recibido un mensaje proveniente de 1 en t = 7160.050000 us
0 envia un mensaje hacia 2 en t = 7160.060000 us
2 ha recibido un mensaje proveniente de 0 en t = 7163.270000 us
2 ha terminado de procesar un mensaje en t = 7175.270000 us
2 envia un mensaje hacia 0 en t = 7175.280000 us
0 ha recibido un mensaje proveniente de 2 en t = 7198.960000 us
0 envia un mensaje hacia 3 en t = 7198.970000 us
3 ha recibido un mensaje proveniente de 0 en t = 7202.180000 us
3 ha terminado de procesar un mensaje en t = 7214.180000 us
3 envia un mensaje hacia 0 en t = 7214.190000 us
0 ha recibido un mensaje proveniente de 3 en t = 7237.870000 us
0 envia un mensaje hacia 5 en t = 7237.880000 us
---------------------
0 envia un mensaje hacia 1 en t = 7237.890000 us
1 ha recibido un mensaje proveniente de 0 en t = 7241.100000 us
1 ha terminado de procesar un mensaje en t = 7253.100000 us
1 envia un mensaje hacia 0 en t = 7253.110000 us
0 ha recibido un mensaje proveniente de 1 en t = 7276.790000 us
0 envia un mensaje hacia 2 en t = 7276.800000 us
2 ha recibido un mensaje proveniente de 0 en t = 7280.010000 us
2 ha terminado de procesar un mensaje en t = 7292.010000 us
2 envia un mensaje hacia 0 en t = 7292.020000 us
0 ha recibido un mensaje proveniente de 2 en t = 7315.700000 us
0 envia un mensaje hacia 3 en t = 7315.710000 us
3 ha recibido un mensaje proveniente de 0 en t = 7318.920000 us
3 ha terminado de procesar un mensaje en t = 7330.920000 us
3 envia un mensaje hacia 0 en t = 7330.930000 us
0 ha recibido un mensaje proveniente de 3 en t = 7354.610000 us
0 envia un mensaje hacia 5 en t = 7354.620000 us
---------------------
0 envia un mensaje hacia 1 en t = 7354.630000 us
1 ha recibido un mensaje proveniente de 0 en t = 7357.840000 us
1 ha terminado de procesar un mensaje en t = 7369.840000 us
1 envia un mensaje hacia 0 en t = 7369.850000 us
0 ha recibido un mensaje proveniente de 1 en t = 7393.530000 us
0 envia un mensaje hacia 2 en t = 7393.540000 us
2 ha recibido un mensaje proveniente de 0 en t = 7396.750000 us
2 ha terminado de procesar un mensaje en t = 7408.750000 us
2 envia un mensaje hacia 0 en t = 7408.760000 us
0 ha recibido un mensaje proveniente de 2 en t = 7432.440000 us
0 envia un mensaje hacia 3 en t = 7432.450000 us
3 ha recibido un mensaje proveniente de 0 en t = 7435.660000 us
3 ha terminado de procesar un mensaje en t = 7447.660000 us
3 envia un mensaje hacia 0 en t = 7447.670000 us
0 ha recibido un mensaje proveniente de 3 en t = 7471.350000 us
0 envia un mensaje hacia 5 en t = 7471.360000 us
---------------------
0 envia un mensaje hacia 1 en t = 7471.370000 us
1 ha recibido un mensaje proveniente de 0 en t = 7474.580000 us
1 ha terminado de procesar un mensaje en t = 7486.580000 us
1 envia un mensaje hacia 0 en t = 7486.590000 us
0 ha recibido un mensaje proveniente de 1 en t = 7510.270000 us
0 envia un mensaje hacia 2 en t = 7510.280000 us
2 ha recibido un mensaje proveniente de 0 en t = 7513.490000 us
2 ha terminado de procesar un mensaje en t = 7525.490000 us
2 envia un mensaje hacia 0 en t = 7525.500000 us
0 ha recibido un mensaje proveniente de 2 en t = 7549.180000 us
0 envia un mensaje hacia 3 en t = 7549.190000 us
3 ha recibido un mensaje proveniente de 0 en t = 7552.400000 us
3 ha terminado de procesar un mensaje en t = 7564.400000 us
3 envia un mensaje hacia 0 en t = 7564.410000 us
0 ha recibido un mensaje proveniente de 3 en t = 7588.090000 us
0 envia un mensaje hacia 5 en t = 7588.100000 us
---------------------
0 envia un mensaje hacia 1 en t = 7588.110000 us
1 ha recibido un mensaje proveniente de 0 en t = 7591.320000 us
1 ha terminado de procesar un mensaje en t = 7603.320000 us
1 envia un mensaje hacia 0 en t = 7603.330000 us
0 ha recibido un mensaje proveniente de 1 en t = 7627.010000 us
0 envia un mensaje hacia 2 en t = 7627.020000 us
2 ha recibido un mensaje proveniente de 0 en t = 7630.230000 us
2 ha terminado de procesar un mensaje en t = 7642.230000 us
2 envia un mensaje hacia 0 en t = 7642.240000 us
0 ha recibido un mensaje proveniente de 2 en t = 7665.920000 us
0 envia un mensaje hacia 3 en t = 7665.930000 us
3 ha recibido un mensaje proveniente de 0 en t = 7669.140000 us
3 ha terminado de procesar un mensaje en t = 7681.140000 us
3 envia un mensaje hacia 0 en t = 7681.150000 us
0 ha recibido un mensaje proveniente de 3 en t = 7704.830000 us
0 envia un mensaje hacia 5 en t = 7704.840000 us
---------------------
0 envia un mensaje hacia 1 en t = 7704.850000 us
1 ha recibido un mensaje proveniente de 0 en t = 7708.060000 us
1 ha terminado de procesar un mensaje en t = 7720.060000 us
1 envia un mensaje hacia 0 en t = 7720.070000 us
0 ha recibido un mensaje proveniente de 1 en t = 7743.750000 us
0 envia un mensaje hacia 2 en t = 7743.760000 us
2 ha recibido un mensaje proveniente de 0 en t = 7746.970000 us
2 ha terminado de procesar un mensaje en t = 7758.970000 us
2 envia un mensaje hacia 0 en t = 7758.980000 us
0 ha recibido un mensaje proveniente de 2 en t = 7782.660000 us
0 envia un mensaje hacia 3 en t = 7782.670000 us
3 ha recibido un mensaje proveniente de 0 en t = 7785.880000 us
3 ha terminado de procesar un mensaje en t = 7797.880000 us
3 envia un mensaje hacia 0 en t = 7797.890000 us
0 ha recibido un mensaje proveniente de 3 en t = 7821.570000 us
0 envia un mensaje hacia 5 en t = 7821.580000 us
---------------------
0 envia un mensaje hacia 1 en t = 7821.590000 us
1 ha recibido un mensaje proveniente de 0 en t = 7824.800000 us
1 ha terminado de procesar un mensaje en t = 7836.800000 us
1 envia un mensaje hacia 0 en t = 7836.810000 us
0 ha recibido un mensaje proveniente de 1 en t = 7860.490000 us
0 envia un mensaje hacia 2 en t = 7860.500000 us
2 ha recibido un mensaje proveniente de 0 en t = 7863.710000 us
2 ha terminado de procesar un mensaje en t = 7875.710000 us
2 envia un mensaje hacia 0 en t = 7875.720000 us
0 ha recibido un mensaje proveniente de 2 en t = 7899.400000 us
0 envia un mensaje hacia 3 en t = 7899.410000 us
3 ha recibido un mensaje proveniente de 0 en t = 7902.620000 us
3 ha terminado de procesar un mensaje en t = 7914.620000 us
3 envia un mensaje hacia 0 en t = 7914.630000 us
0 ha recibido un mensaje proveniente de 3 en t = 7938.310000 us
0 envia un mensaje hacia 5 en t = 7938.320000 us
---------------------
0 envia un mensaje hacia 1 en t = 7938.330000 us
1 ha recibido un mensaje proveniente de 0 en t = 7941.540000 us
1 ha terminado de procesar un mensaje en t = 7953.540000 us
1 envia un mensaje hacia 0 en t = 7953.550000 us
0 ha recibido un mensaje proveniente de 1 en t = 7977.230000 us
0 envia un mensaje hacia 2 en t = 7977.240000 us
2 ha recibido un mensaje proveniente de 0 en t = 7980.450000 us
2 ha terminado de procesar un mensaje en t = 7992.450000 us
2 envia un mensaje hacia 0 en t = 7992.460000 us
0 ha recibido un mensaje proveniente de 2 en t = 8016.140000 us
0 envia un mensaje hacia 3 en t = 8016.150000 us
3 ha recibido un mensaje proveniente de 0 en t = 8019.360000 us
3 ha terminado de procesar un mensaje en t = 8031.360000 us
3 envia un mensaje hacia 0 en t = 8031.370000 us
0 ha recibido un mensaje proveniente de 3 en t = 8055.050000 us
0 envia un mensaje hacia 5 en t = 8055.060000 us
---------------------
0 envia un mensaje hacia 1 en t = 8055.070000 us
1 ha recibido un mensaje proveniente de 0 en t = 8058.280000 us
1 ha terminado de procesar un mensaje en t = 8070.280000 us
1 envia un mensaje hacia 0 en t = 8070.290000 us
0 ha recibido un mensaje proveniente de 1 en t = 8093.970000 us
0 envia un mensaje hacia 2 en t = 8093.980000 us
2 ha recibido un mensaje proveniente de 0 en t = 8097.190000 us
2 ha terminado de procesar un mensaje en t = 8109.190000 us
2 envia un mensaje hacia 0 en t = 8109.200000 us
0 ha recibido un mensaje proveniente de 2 en t = 8132.880000 us
0 envia un mensaje hacia 3 en t = 8132.890000 us
3 ha recibido un mensaje proveniente de 0 en t = 8136.100000 us
3 ha terminado de procesar un mensaje en t = 8148.100000 us
3 envia un mensaje hacia 0 en t = 8148.110000 us
0 ha recibido un mensaje proveniente de 3 en t = 8171.790000 us
0 envia un mensaje hacia 5 en t = 8171.800000 us
---------------------
0 envia un mensaje hacia 1 en t = 8171.810000 us
1 ha recibido un mensaje proveniente de 0 en t = 8175.020000 us
1 ha terminado de procesar un mensaje en t = 8187.020000 us
1 envia un mensaje hacia 0 en t = 8187.030000 us
0 ha recibido un mensaje proveniente de 1 en t = 8210.710000 us
0 envia un mensaje hacia 2 en t = 8210.720000 us
2 ha recibido un mensaje proveniente de 0 en t = 8213.930000 us
2 ha terminado de procesar un mensaje en t = 8225.930000 us
2 envia un mensaje hacia 0 en t = 8225.940000 us
0 ha recibido un mensaje proveniente de 2 en t = 8249.620000 us
0 envia un mensaje hacia 3 en t = 8249.630000 us
3 ha recibido un mensaje proveniente de 0 en t = 8252.840000 us
3 ha terminado de procesar un mensaje en t = 8264.840000 us
3 envia un mensaje hacia 0 en t = 8264.850000 us
0 ha recibido un mensaje proveniente de 3 en t = 8288.530000 us
0 envia un mensaje hacia 5 en t = 8288.540000 us
---------------------
0 envia un mensaje hacia 1 en t = 8288.550000 us
1 ha recibido un mensaje proveniente de 0 en t = 8291.760000 us
1 ha terminado de procesar un mensaje en t = 8303.760000 us
1 envia un mensaje hacia 0 en t = 8303.770000 us
0 ha recibido un mensaje proveniente de 1 en t = 8327.450000 us
0 envia un mensaje hacia 2 en t = 8327.460000 us
2 ha recibido un mensaje proveniente de 0 en t = 8330.670000 us
2 ha terminado de procesar un mensaje en t = 8342.670000 us
2 envia un mensaje hacia 0 en t = 8342.680000 us
0 ha recibido un mensaje proveniente de 2 en t = 8366.360000 us
0 envia un mensaje hacia 3 en t = 8366.370000 us
3 ha recibido un mensaje proveniente de 0 en t = 8369.580000 us
3 ha terminado de procesar un mensaje en t = 8381.580000 us
3 envia un mensaje hacia 0 en t = 8381.590000 us
0 ha recibido un mensaje proveniente de 3 en t = 8405.270000 us
0 envia un mensaje hacia 5 en t = 8405.280000 us
---------------------
0 envia un mensaje hacia 1 en t = 8405.290000 us
1 ha recibido un mensaje proveniente de 0 en t = 8408.500000 us
1 ha terminado de procesar un mensaje en t = 8420.500000 us
1 envia un mensaje hacia 0 en t = 8420.510000 us
0 ha recibido un mensaje proveniente de 1 en t = 8444.190000 us
0 envia un mensaje hacia 2 en t = 8444.200000 us
2 ha recibido un mensaje proveniente de 0 en t = 8447.410000 us
2 ha terminado de procesar un mensaje en t = 8459.410000 us
2 envia un mensaje hacia 0 en t = 8459.420000 us
0 ha recibido un mensaje proveniente de 2 en t = 8483.100000 us
0 envia un mensaje hacia 3 en t = 8483.110000 us
3 ha recibido un mensaje proveniente de 0 en t = 8486.320000 us
3 ha terminado de procesar un mensaje en t = 8498.320000 us
3 envia un mensaje hacia 0 en t = 8498.330000 us
0 ha recibido un mensaje proveniente de 3 en t = 8522.010000 us
0 envia un mensaje hacia 5 en t = 8522.020000 us
---------------------
0 envia un mensaje hacia 1 en t = 8522.030000 us
1 ha recibido un mensaje proveniente de 0 en t = 8525.240000 us
1 ha terminado de procesar un mensaje en t = 8537.240000 us
1 envia un mensaje hacia 0 en t = 8537.250000 us
0 ha recibido un mensaje proveniente de 1 en t = 8560.930000 us
0 envia un mensaje hacia 2 en t = 8560.940000 us
2 ha recibido un mensaje proveniente de 0 en t = 8564.150000 us
2 ha terminado de procesar un mensaje en t = 8576.150000 us
2 envia un mensaje hacia 0 en t = 8576.160000 us
0 ha recibido un mensaje proveniente de 2 en t = 8599.840000 us
0 envia un mensaje hacia 3 en t = 8599.850000 us
3 ha recibido un mensaje proveniente de 0 en t = 8603.060000 us
3 ha terminado de procesar un mensaje en t = 8615.060000 us
3 envia un mensaje hacia 0 en t = 8615.070000 us
0 ha recibido un mensaje proveniente de 3 en t = 8638.750000 us
0 envia un mensaje hacia 5 en t = 8638.760000 us
---------------------
0 envia un mensaje hacia 1 en t = 8638.770000 us
1 ha recibido un mensaje proveniente de 0 en t = 8641.980000 us
1 ha terminado de procesar un mensaje en t = 8653.980000 us
1 envia un mensaje hacia 0 en t = 8653.990000 us
0 ha recibido un mensaje proveniente de 1 en t = 8677.670000 us
0 envia un mensaje hacia 2 en t = 8677.680000 us
2 ha recibido un mensaje proveniente de 0 en t = 8680.890000 us
2 ha terminado de procesar un mensaje en t = 8692.890000 us
2 envia un mensaje hacia 0 en t = 8692.900000 us
0 ha recibido un mensaje proveniente de 2 en t = 8716.580000 us
0 envia un mensaje hacia 3 en t = 8716.590000 us
3 ha recibido un mensaje proveniente de 0 en t = 8719.800000 us
3 ha terminado de procesar un mensaje en t = 8731.800000 us
3 envia un mensaje hacia 0 en t = 8731.810000 us
0 ha recibido un mensaje proveniente de 3 en t = 8755.490000 us
0 envia un mensaje hacia 5 en t = 8755.500000 us
---------------------
0 envia un mensaje hacia 1 en t = 8755.510000 us
1 ha recibido un mensaje proveniente de 0 en t = 8758.720000 us
1 ha terminado de procesar un mensaje en t = 8770.720000 us
1 envia un mensaje hacia 0 en t = 8770.730000 us
0 ha recibido un mensaje proveniente de 1 en t = 8794.410000 us
0 envia un mensaje hacia 2 en t = 8794.420000 us
2 ha recibido un mensaje proveniente de 0 en t = 8797.630000 us
2 ha terminado de procesar un mensaje en t = 8809.630000 us
2 envia un mensaje hacia 0 en t = 8809.640000 us
0 ha recibido un mensaje proveniente de 2 en t = 8833.320000 us
0 envia un mensaje hacia 3 en t = 8833.330000 us
3 ha recibido un mensaje proveniente de 0 en t = 8836.540000 us
3 ha terminado de procesar un mensaje en t = 8848.540000 us
3 envia un mensaje hacia 0 en t = 8848.550000 us
0 ha recibido un mensaje proveniente de 3 en t = 8872.230000 us
0 envia un mensaje hacia 5 en t = 8872.240000 us
---------------------
0 envia un mensaje hacia 1 en t = 8872.250000 us
1 ha recibido un mensaje proveniente de 0 en t = 8875.460000 us
1 ha terminado de procesar un mensaje en t = 8887.460000 us
1 envia un mensaje hacia 0 en t = 8887.470000 us
0 ha recibido un mensaje proveniente de 1 en t = 8911.150000 us
0 envia un mensaje hacia 2 en t = 8911.160000 us
2 ha recibido un mensaje proveniente de 0 en t = 8914.370000 us
2 ha terminado de procesar un mensaje en t = 8926.370000 us
2 envia un mensaje hacia 0 en t = 8926.380000 us
0 ha recibido un mensaje proveniente de 2 en t = 8950.060000 us
0 envia un mensaje hacia 3 en t = 8950.070000 us
3 ha recibido un mensaje proveniente de 0 en t = 8953.280000 us
3 ha terminado de procesar un mensaje en t = 8965.280000 us
3 envia un mensaje hacia 0 en t = 8965.290000 us
0 ha recibido un mensaje proveniente de 3 en t = 8988.970000 us
0 envia un mensaje hacia 5 en t = 8988.980000 us
---------------------
0 envia un mensaje hacia 1 en t = 8988.990000 us
1 ha recibido un mensaje proveniente de 0 en t = 8992.200000 us
1 ha terminado de procesar un mensaje en t = 9004.200000 us
1 envia un mensaje hacia 0 en t = 9004.210000 us
0 ha recibido un mensaje proveniente de 1 en t = 9027.890000 us
0 envia un mensaje hacia 2 en t = 9027.900000 us
2 ha recibido un mensaje proveniente de 0 en t = 9031.110000 us
2 ha terminado de procesar un mensaje en t = 9043.110000 us
2 envia un mensaje hacia 0 en t = 9043.120000 us
0 ha recibido un mensaje proveniente de 2 en t = 9066.800000 us
0 envia un mensaje hacia 3 en t = 9066.810000 us
3 ha recibido un mensaje proveniente de 0 en t = 9070.020000 us
3 ha terminado de procesar un mensaje en t = 9082.020000 us
3 envia un mensaje hacia 0 en t = 9082.030000 us
0 ha recibido un mensaje proveniente de 3 en t = 9105.710000 us
0 envia un mensaje hacia 5 en t = 9105.720000 us
---------------------
0 envia un mensaje hacia 1 en t = 9105.730000 us
1 ha recibido un mensaje proveniente de 0 en t = 9108.940000 us
1 ha terminado de procesar un mensaje en t = 9120.940000 us
1 envia un mensaje hacia 0 en t = 9120.950000 us
0 ha recibido un mensaje proveniente de 1 en t = 9144.630000 us
0 envia un mensaje hacia 2 en t = 9144.640000 us
2 ha recibido un mensaje proveniente de 0 en t = 9147.850000 us
2 ha terminado de procesar un mensaje en t = 9159.850000 us
2 envia un mensaje hacia 0 en t = 9159.860000 us
0 ha recibido un mensaje proveniente de 2 en t = 9183.540000 us
0 envia un mensaje hacia 3 en t = 9183.550000 us
3 ha recibido un mensaje proveniente de 0 en t = 9186.760000 us
3 ha terminado de procesar un mensaje en t = 9198.760000 us
3 envia un mensaje hacia 0 en t = 9198.770000 us
0 ha recibido un mensaje proveniente de 3 en t = 9222.450000 us
0 envia un mensaje hacia 5 en t = 9222.460000 us
---------------------
0 envia un mensaje hacia 1 en t = 9222.470000 us
1 ha recibido un mensaje proveniente de 0 en t = 9225.680000 us
1 ha terminado de procesar un mensaje en t = 9237.680000 us
1 envia un mensaje hacia 0 en t = 9237.690000 us
0 ha recibido un mensaje proveniente de 1 en t = 9261.370000 us
0 envia un mensaje hacia 2 en t = 9261.380000 us
2 ha recibido un mensaje proveniente de 0 en t = 9264.590000 us
2 ha terminado de procesar un mensaje en t = 9276.590000 us
2 envia un mensaje hacia 0 en t = 9276.600000 us
0 ha recibido un mensaje proveniente de 2 en t = 9300.280000 us
0 envia un mensaje hacia 3 en t = 9300.290000 us
3 ha recibido un mensaje proveniente de 0 en t = 9303.500000 us
3 ha terminado de procesar un mensaje en t = 9315.500000 us
3 envia un mensaje hacia 0 en t = 9315.510000 us
0 ha recibido un mensaje proveniente de 3 en t = 9339.190000 us
0 envia un mensaje hacia 5 en t = 9339.200000 us
---------------------
0 envia un mensaje hacia 1 en t = 9339.210000 us
1 ha recibido un mensaje proveniente de 0 en t = 9342.420000 us
1 ha terminado de procesar un mensaje en t = 9354.420000 us
1 envia un mensaje hacia 0 en t = 9354.430000 us
0 ha recibido un mensaje proveniente de 1 en t = 9378.110000 us
0 envia un mensaje hacia 2 en t = 9378.120000 us
2 ha recibido un mensaje proveniente de 0 en t = 9381.330000 us
2 ha terminado de procesar un mensaje en t = 9393.330000 us
2 envia un mensaje hacia 0 en t = 9393.340000 us
0 ha recibido un mensaje proveniente de 2 en t = 9417.020000 us
0 envia un mensaje hacia 3 en t = 9417.030000 us
3 ha recibido un mensaje proveniente de 0 en t = 9420.240000 us
3 ha terminado de procesar un mensaje en t = 9432.240000 us
3 envia un mensaje hacia 0 en t = 9432.250000 us
0 ha recibido un mensaje proveniente de 3 en t = 9455.930000 us
0 envia un mensaje hacia 5 en t = 9455.940000 us
---------------------
0 envia un mensaje hacia 1 en t = 9455.950000 us
1 ha recibido un mensaje proveniente de 0 en t = 9459.160000 us
1 ha terminado de procesar un mensaje en t = 9471.160000 us
1 envia un mensaje hacia 0 en t = 9471.170000 us
0 ha recibido un mensaje proveniente de 1 en t = 9494.850000 us
0 envia un mensaje hacia 2 en t = 9494.860000 us
2 ha recibido un mensaje proveniente de 0 en t = 9498.070000 us
2 ha terminado de procesar un mensaje en t = 9510.070000 us
2 envia un mensaje hacia 0 en t = 9510.080000 us
0 ha recibido un mensaje proveniente de 2 en t = 9533.760000 us
0 envia un mensaje hacia 3 en t = 9533.770000 us
3 ha recibido un mensaje proveniente de 0 en t = 9536.980000 us
3 ha terminado de procesar un mensaje en t = 9548.980000 us
3 envia un mensaje hacia 0 en t = 9548.990000 us
0 ha recibido un mensaje proveniente de 3 en t = 9572.670000 us
0 envia un mensaje hacia 5 en t = 9572.680000 us
---------------------
0 envia un mensaje hacia 1 en t = 9572.690000 us
1 ha recibido un mensaje proveniente de 0 en t = 9575.900000 us
1 ha terminado de procesar un mensaje en t = 9587.900000 us
1 envia un mensaje hacia 0 en t = 9587.910000 us
0 ha recibido un mensaje proveniente de 1 en t = 9611.590000 us
0 envia un mensaje hacia 2 en t = 9611.600000 us
2 ha recibido un mensaje proveniente de 0 en t = 9614.810000 us
2 ha terminado de procesar un mensaje en t = 9626.810000 us
2 envia un mensaje hacia 0 en t = 9626.820000 us
0 ha recibido un mensaje proveniente de 2 en t = 9650.500000 us
0 envia un mensaje hacia 3 en t = 9650.510000 us
3 ha recibido un mensaje proveniente de 0 en t = 9653.720000 us
3 ha terminado de procesar un mensaje en t = 9665.720000 us
3 envia un mensaje hacia 0 en t = 9665.730000 us
0 ha recibido un mensaje proveniente de 3 en t = 9689.410000 us
0 envia un mensaje hacia 5 en t = 9689.420000 us
---------------------
0 envia un mensaje hacia 1 en t = 9689.430000 us
1 ha recibido un mensaje proveniente de 0 en t = 9692.640000 us
1 ha terminado de procesar un mensaje en t = 9704.640000 us
1 envia un mensaje hacia 0 en t = 9704.650000 us
0 ha recibido un mensaje proveniente de 1 en t = 9728.330000 us
0 envia un mensaje hacia 2 en t = 9728.340000 us
2 ha recibido un mensaje proveniente de 0 en t = 9731.550000 us
2 ha terminado de procesar un mensaje en t = 9743.550000 us
2 envia un mensaje hacia 0 en t = 9743.560000 us
0 ha recibido un mensaje proveniente de 2 en t = 9767.240000 us
0 envia un mensaje hacia 3 en t = 9767.250000 us
3 ha recibido un mensaje proveniente de 0 en t = 9770.460000 us
3 ha terminado de procesar un mensaje en t = 9782.460000 us
3 envia un mensaje hacia 0 en t = 9782.470000 us
0 ha recibido un mensaje proveniente de 3 en t = 9806.150000 us
0 envia un mensaje hacia 5 en t = 9806.160000 us
---------------------
0 envia un mensaje hacia 1 en t = 9806.170000 us
1 ha recibido un mensaje proveniente de 0 en t = 9809.380000 us
1 ha terminado de procesar un mensaje en t = 9821.380000 us
1 envia un mensaje hacia 0 en t = 9821.390000 us
0 ha recibido un mensaje proveniente de 1 en t = 9845.070000 us
0 envia un mensaje hacia 2 en t = 9845.080000 us
2 ha recibido un mensaje proveniente de 0 en t = 9848.290000 us
2 ha terminado de procesar un mensaje en t = 9860.290000 us
2 envia un mensaje hacia 0 en t = 9860.300000 us
0 ha recibido un mensaje proveniente de 2 en t = 9883.980000 us
0 envia un mensaje hacia 3 en t = 9883.990000 us
3 ha recibido un mensaje proveniente de 0 en t = 9887.200000 us
3 ha terminado de procesar un mensaje en t = 9899.200000 us
3 envia un mensaje hacia 0 en t = 9899.210000 us
0 ha recibido un mensaje proveniente de 3 en t = 9922.890000 us
0 envia un mensaje hacia 5 en t = 9922.900000 us
---------------------
0 envia un mensaje hacia 1 en t = 9922.910000 us
1 ha recibido un mensaje proveniente de 0 en t = 9926.120000 us
1 ha terminado de procesar un mensaje en t = 9938.120000 us
1 envia un mensaje hacia 0 en t = 9938.130000 us
0 ha recibido un mensaje proveniente de 1 en t = 9961.810000 us
0 envia un mensaje hacia 2 en t = 9961.820000 us
2 ha recibido un mensaje proveniente de 0 en t = 9965.030000 us
2 ha terminado de procesar un mensaje en t = 9977.030000 us
2 envia un mensaje hacia 0 en t = 9977.040000 us
0 ha recibido un mensaje proveniente de 2 en t = 10000.720000 us
0 envia un mensaje hacia 3 en t = 10000.730000 us
3 ha recibido un mensaje proveniente de 0 en t = 10003.940000 us
3 ha terminado de procesar un mensaje en t = 10015.940000 us
3 envia un mensaje hacia 0 en t = 10015.950000 us
0 ha recibido un mensaje proveniente de 3 en t = 10039.630000 us
0 envia un mensaje hacia 5 en t = 10039.640000 us
---------------------
0 envia un mensaje hacia 1 en t = 10039.650000 us
1 ha recibido un mensaje proveniente de 0 en t = 10042.860000 us
1 ha terminado de procesar un mensaje en t = 10054.860000 us
1 envia un mensaje hacia 0 en t = 10054.870000 us
0 ha recibido un mensaje proveniente de 1 en t = 10078.550000 us
0 envia un mensaje hacia 2 en t = 10078.560000 us
2 ha recibido un mensaje proveniente de 0 en t = 10081.770000 us
2 ha terminado de procesar un mensaje en t = 10093.770000 us
2 envia un mensaje hacia 0 en t = 10093.780000 us
0 ha recibido un mensaje proveniente de 2 en t = 10117.460000 us
0 envia un mensaje hacia 3 en t = 10117.470000 us
3 ha recibido un mensaje proveniente de 0 en t = 10120.680000 us
3 ha terminado de procesar un mensaje en t = 10132.680000 us
3 envia un mensaje hacia 0 en t = 10132.690000 us
0 ha recibido un mensaje proveniente de 3 en t = 10156.370000 us
0 envia un mensaje hacia 5 en t = 10156.380000 us
---------------------
0 envia un mensaje hacia 1 en t = 10156.390000 us
1 ha recibido un mensaje proveniente de 0 en t = 10159.600000 us
1 ha terminado de procesar un mensaje en t = 10171.600000 us
1 envia un mensaje hacia 0 en t = 10171.610000 us
0 ha recibido un mensaje proveniente de 1 en t = 10195.290000 us
0 envia un mensaje hacia 2 en t = 10195.300000 us
2 ha recibido un mensaje proveniente de 0 en t = 10198.510000 us
2 ha terminado de procesar un mensaje en t = 10210.510000 us
2 envia un mensaje hacia 0 en t = 10210.520000 us
0 ha recibido un mensaje proveniente de 2 en t = 10234.200000 us
0 envia un mensaje hacia 3 en t = 10234.210000 us
3 ha recibido un mensaje proveniente de 0 en t = 10237.420000 us
3 ha terminado de procesar un mensaje en t = 10249.420000 us
3 envia un mensaje hacia 0 en t = 10249.430000 us
0 ha recibido un mensaje proveniente de 3 en t = 10273.110000 us
0 envia un mensaje hacia 5 en t = 10273.120000 us
---------------------
0 envia un mensaje hacia 1 en t = 10273.130000 us
1 ha recibido un mensaje proveniente de 0 en t = 10276.340000 us
1 ha terminado de procesar un mensaje en t = 10288.340000 us
1 envia un mensaje hacia 0 en t = 10288.350000 us
0 ha recibido un mensaje proveniente de 1 en t = 10312.030000 us
0 envia un mensaje hacia 2 en t = 10312.040000 us
2 ha recibido un mensaje proveniente de 0 en t = 10315.250000 us
2 ha terminado de procesar un mensaje en t = 10327.250000 us
2 envia un mensaje hacia 0 en t = 10327.260000 us
0 ha recibido un mensaje proveniente de 2 en t = 10350.940000 us
0 envia un mensaje hacia 3 en t = 10350.950000 us
3 ha recibido un mensaje proveniente de 0 en t = 10354.160000 us
3 ha terminado de procesar un mensaje en t = 10366.160000 us
3 envia un mensaje hacia 0 en t = 10366.170000 us
0 ha recibido un mensaje proveniente de 3 en t = 10389.850000 us
0 envia un mensaje hacia 5 en t = 10389.860000 us
---------------------
0 envia un mensaje hacia 1 en t = 10389.870000 us
1 ha recibido un mensaje proveniente de 0 en t = 10393.080000 us
1 ha terminado de procesar un mensaje en t = 10405.080000 us
1 envia un mensaje hacia 0 en t = 10405.090000 us
0 ha recibido un mensaje proveniente de 1 en t = 10428.770000 us
0 envia un mensaje hacia 2 en t = 10428.780000 us
2 ha recibido un mensaje proveniente de 0 en t = 10431.990000 us
2 ha terminado de procesar un mensaje en t = 10443.990000 us
2 envia un mensaje hacia 0 en t = 10444.000000 us
0 ha recibido un mensaje proveniente de 2 en t = 10467.680000 us
0 envia un mensaje hacia 3 en t = 10467.690000 us
3 ha recibido un mensaje proveniente de 0 en t = 10470.900000 us
3 ha terminado de procesar un mensaje en t = 10482.900000 us
3 envia un mensaje hacia 0 en t = 10482.910000 us
0 ha recibido un mensaje proveniente de 3 en t = 10506.590000 us
0 envia un mensaje hacia 5 en t = 10506.600000 us
---------------------
0 envia un mensaje hacia 1 en t = 10506.610000 us
1 ha recibido un mensaje proveniente de 0 en t = 10509.820000 us
1 ha terminado de procesar un mensaje en t = 10521.820000 us
1 envia un mensaje hacia 0 en t = 10521.830000 us
0 ha recibido un mensaje proveniente de 1 en t = 10545.510000 us
0 envia un mensaje hacia 2 en t = 10545.520000 us
2 ha recibido un mensaje proveniente de 0 en t = 10548.730000 us
2 ha terminado de procesar un mensaje en t = 10560.730000 us
2 envia un mensaje hacia 0 en t = 10560.740000 us
0 ha recibido un mensaje proveniente de 2 en t = 10584.420000 us
0 envia un mensaje hacia 3 en t = 10584.430000 us
3 ha recibido un mensaje proveniente de 0 en t = 10587.640000 us
3 ha terminado de procesar un mensaje en t = 10599.640000 us
3 envia un mensaje hacia 0 en t = 10599.650000 us
0 ha recibido un mensaje proveniente de 3 en t = 10623.330000 us
0 envia un mensaje hacia 5 en t = 10623.340000 us
---------------------
0 envia un mensaje hacia 1 en t = 10623.350000 us
1 ha recibido un mensaje proveniente de 0 en t = 10626.560000 us
1 ha terminado de procesar un mensaje en t = 10638.560000 us
1 envia un mensaje hacia 0 en t = 10638.570000 us
0 ha recibido un mensaje proveniente de 1 en t = 10662.250000 us
0 envia un mensaje hacia 2 en t = 10662.260000 us
2 ha recibido un mensaje proveniente de 0 en t = 10665.470000 us
2 ha terminado de procesar un mensaje en t = 10677.470000 us
2 envia un mensaje hacia 0 en t = 10677.480000 us
0 ha recibido un mensaje proveniente de 2 en t = 10701.160000 us
0 envia un mensaje hacia 3 en t = 10701.170000 us
3 ha recibido un mensaje proveniente de 0 en t = 10704.380000 us
3 ha terminado de procesar un mensaje en t = 10716.380000 us
3 envia un mensaje hacia 0 en t = 10716.390000 us
0 ha recibido un mensaje proveniente de 3 en t = 10740.070000 us
0 envia un mensaje hacia 5 en t = 10740.080000 us
---------------------
0 envia un mensaje hacia 1 en t = 10740.090000 us
1 ha recibido un mensaje proveniente de 0 en t = 10743.300000 us
1 ha terminado de procesar un mensaje en t = 10755.300000 us
1 envia un mensaje hacia 0 en t = 10755.310000 us
0 ha recibido un mensaje proveniente de 1 en t = 10778.990000 us
0 envia un mensaje hacia 2 en t = 10779.000000 us
2 ha recibido un mensaje proveniente de 0 en t = 10782.210000 us
2 ha terminado de procesar un mensaje en t = 10794.210000 us
2 envia un mensaje hacia 0 en t = 10794.220000 us
0 ha recibido un mensaje proveniente de 2 en t = 10817.900000 us
0 envia un mensaje hacia 3 en t = 10817.910000 us
3 ha recibido un mensaje proveniente de 0 en t = 10821.120000 us
3 ha terminado de procesar un mensaje en t = 10833.120000 us
3 envia un mensaje hacia 0 en t = 10833.130000 us
0 ha recibido un mensaje proveniente de 3 en t = 10856.810000 us
0 envia un mensaje hacia 5 en t = 10856.820000 us
---------------------
0 envia un mensaje hacia 1 en t = 10856.830000 us
1 ha recibido un mensaje proveniente de 0 en t = 10860.040000 us
1 ha terminado de procesar un mensaje en t = 10872.040000 us
1 envia un mensaje hacia 0 en t = 10872.050000 us
0 ha recibido un mensaje proveniente de 1 en t = 10895.730000 us
0 envia un mensaje hacia 2 en t = 10895.740000 us
2 ha recibido un mensaje proveniente de 0 en t = 10898.950000 us
2 ha terminado de procesar un mensaje en t = 10910.950000 us
2 envia un mensaje hacia 0 en t = 10910.960000 us
0 ha recibido un mensaje proveniente de 2 en t = 10934.640000 us
0 envia un mensaje hacia 3 en t = 10934.650000 us
3 ha recibido un mensaje proveniente de 0 en t = 10937.860000 us
3 ha terminado de procesar un mensaje en t = 10949.860000 us
3 envia un mensaje hacia 0 en t = 10949.870000 us
0 ha recibido un mensaje proveniente de 3 en t = 10973.550000 us
0 envia un mensaje hacia 5 en t = 10973.560000 us
---------------------
0 envia un mensaje hacia 1 en t = 10973.570000 us
1 ha recibido un mensaje proveniente de 0 en t = 10976.780000 us
1 ha terminado de procesar un mensaje en t = 10988.780000 us
1 envia un mensaje hacia 0 en t = 10988.790000 us
0 ha recibido un mensaje proveniente de 1 en t = 11012.470000 us
0 envia un mensaje hacia 2 en t = 11012.480000 us
2 ha recibido un mensaje proveniente de 0 en t = 11015.690000 us
2 ha terminado de procesar un mensaje en t = 11027.690000 us
2 envia un mensaje hacia 0 en t = 11027.700000 us
0 ha recibido un mensaje proveniente de 2 en t = 11051.380000 us
0 envia un mensaje hacia 3 en t = 11051.390000 us
3 ha recibido un mensaje proveniente de 0 en t = 11054.600000 us
3 ha terminado de procesar un mensaje en t = 11066.600000 us
3 envia un mensaje hacia 0 en t = 11066.610000 us
0 ha recibido un mensaje proveniente de 3 en t = 11090.290000 us
0 envia un mensaje hacia 5 en t = 11090.300000 us
---------------------
0 envia un mensaje hacia 1 en t = 11090.310000 us
1 ha recibido un mensaje proveniente de 0 en t = 11093.520000 us
1 ha terminado de procesar un mensaje en t = 11105.520000 us
1 envia un mensaje hacia 0 en t = 11105.530000 us
0 ha recibido un mensaje proveniente de 1 en t = 11129.210000 us
0 envia un mensaje hacia 2 en t = 11129.220000 us
2 ha recibido un mensaje proveniente de 0 en t = 11132.430000 us
2 ha terminado de procesar un mensaje en t = 11144.430000 us
2 envia un mensaje hacia 0 en t = 11144.440000 us
0 ha recibido un mensaje proveniente de 2 en t = 11168.120000 us
0 envia un mensaje hacia 3 en t = 11168.130000 us
3 ha recibido un mensaje proveniente de 0 en t = 11171.340000 us
3 ha terminado de procesar un mensaje en t = 11183.340000 us
3 envia un mensaje hacia 0 en t = 11183.350000 us
0 ha recibido un mensaje proveniente de 3 en t = 11207.030000 us
0 envia un mensaje hacia 5 en t = 11207.040000 us
---------------------
0 envia un mensaje hacia 1 en t = 11207.050000 us
1 ha recibido un mensaje proveniente de 0 en t = 11210.260000 us
1 ha terminado de procesar un mensaje en t = 11222.260000 us
1 envia un mensaje hacia 0 en t = 11222.270000 us
0 ha recibido un mensaje proveniente de 1 en t = 11245.950000 us
0 envia un mensaje hacia 2 en t = 11245.960000 us
2 ha recibido un mensaje proveniente de 0 en t = 11249.170000 us
2 ha terminado de procesar un mensaje en t = 11261.170000 us
2 envia un mensaje hacia 0 en t = 11261.180000 us
0 ha recibido un mensaje proveniente de 2 en t = 11284.860000 us
0 envia un mensaje hacia 3 en t = 11284.870000 us
3 ha recibido un mensaje proveniente de 0 en t = 11288.080000 us
3 ha terminado de procesar un mensaje en t = 11300.080000 us
3 envia un mensaje hacia 0 en t = 11300.090000 us
0 ha recibido un mensaje proveniente de 3 en t = 11323.770000 us
0 envia un mensaje hacia 5 en t = 11323.780000 us
---------------------
0 envia un mensaje hacia 1 en t = 11323.790000 us
1 ha recibido un mensaje proveniente de 0 en t = 11327.000000 us
1 ha terminado de procesar un mensaje en t = 11339.000000 us
1 envia un mensaje hacia 0 en t = 11339.010000 us
0 ha recibido un mensaje proveniente de 1 en t = 11362.690000 us
0 envia un mensaje hacia 2 en t = 11362.700000 us
2 ha recibido un mensaje proveniente de 0 en t = 11365.910000 us
2 ha terminado de procesar un mensaje en t = 11377.910000 us
2 envia un mensaje hacia 0 en t = 11377.920000 us
0 ha recibido un mensaje proveniente de 2 en t = 11401.600000 us
0 envia un mensaje hacia 3 en t = 11401.610000 us
3 ha recibido un mensaje proveniente de 0 en t = 11404.820000 us
3 ha terminado de procesar un mensaje en t = 11416.820000 us
3 envia un mensaje hacia 0 en t = 11416.830000 us
0 ha recibido un mensaje proveniente de 3 en t = 11440.510000 us
0 envia un mensaje hacia 5 en t = 11440.520000 us
---------------------
0 envia un mensaje hacia 1 en t = 11440.530000 us
1 ha recibido un mensaje proveniente de 0 en t = 11443.740000 us
1 ha terminado de procesar un mensaje en t = 11455.740000 us
1 envia un mensaje hacia 0 en t = 11455.750000 us
0 ha recibido un mensaje proveniente de 1 en t = 11479.430000 us
0 envia un mensaje hacia 2 en t = 11479.440000 us
2 ha recibido un mensaje proveniente de 0 en t = 11482.650000 us
2 ha terminado de procesar un mensaje en t = 11494.650000 us
2 envia un mensaje hacia 0 en t = 11494.660000 us
0 ha recibido un mensaje proveniente de 2 en t = 11518.340000 us
0 envia un mensaje hacia 3 en t = 11518.350000 us
3 ha recibido un mensaje proveniente de 0 en t = 11521.560000 us
3 ha terminado de procesar un mensaje en t = 11533.560000 us
3 envia un mensaje hacia 0 en t = 11533.570000 us
0 ha recibido un mensaje proveniente de 3 en t = 11557.250000 us
0 envia un mensaje hacia 5 en t = 11557.260000 us
---------------------
0 envia un mensaje hacia 1 en t = 11557.270000 us
1 ha recibido un mensaje proveniente de 0 en t = 11560.480000 us
1 ha terminado de procesar un mensaje en t = 11572.480000 us
1 envia un mensaje hacia 0 en t = 11572.490000 us
0 ha recibido un mensaje proveniente de 1 en t = 11596.170000 us
0 envia un mensaje hacia 2 en t = 11596.180000 us
2 ha recibido un mensaje proveniente de 0 en t = 11599.390000 us
2 ha terminado de procesar un mensaje en t = 11611.390000 us
2 envia un mensaje hacia 0 en t = 11611.400000 us
0 ha recibido un mensaje proveniente de 2 en t = 11635.080000 us
0 envia un mensaje hacia 3 en t = 11635.090000 us
3 ha recibido un mensaje proveniente de 0 en t = 11638.300000 us
3 ha terminado de procesar un mensaje en t = 11650.300000 us
3 envia un mensaje hacia 0 en t = 11650.310000 us
0 ha recibido un mensaje proveniente de 3 en t = 11673.990000 us
0 envia un mensaje hacia 5 en t = 11674.000000 us
